{"contracts/Accountant.sol":{"l":{"24":15,"37":1,"38":1,"50":3,"63":1,"72":2,"81":1},"path":"/Users/cody/Projects/GeoWeb/core-contracts/contracts/Accountant.sol","s":{"1":15,"2":1,"3":1,"4":3,"5":1,"6":2,"7":1},"b":{},"f":{"1":15,"2":1,"3":3,"4":1,"5":2,"6":1},"fnMap":{"1":{"name":"constructor","line":23,"loc":{"start":{"line":23,"column":4},"end":{"line":25,"column":4}}},"2":{"name":"setPerSecondFee","line":36,"loc":{"start":{"line":33,"column":4},"end":{"line":39,"column":4}}},"3":{"name":"setValidator","line":48,"loc":{"start":{"line":46,"column":4},"end":{"line":51,"column":4}}},"4":{"name":"setContributionRate","line":61,"loc":{"start":{"line":59,"column":4},"end":{"line":64,"column":4}}},"5":{"name":"isValid","line":71,"loc":{"start":{"line":71,"column":4},"end":{"line":73,"column":4}}},"6":{"name":"invalidStartDate","line":80,"loc":{"start":{"line":80,"column":4},"end":{"line":82,"column":4}}}},"statementMap":{"1":{"start":{"line":24,"column":8},"end":{"line":24,"column":49}},"2":{"start":{"line":37,"column":8},"end":{"line":37,"column":53}},"3":{"start":{"line":38,"column":8},"end":{"line":38,"column":57}},"4":{"start":{"line":50,"column":8},"end":{"line":50,"column":48}},"5":{"start":{"line":63,"column":8},"end":{"line":63,"column":38}},"6":{"start":{"line":72,"column":8},"end":{"line":72,"column":36}},"7":{"start":{"line":81,"column":8},"end":{"line":81,"column":45}}},"branchMap":{}},"contracts/ERC721License.sol":{"l":{"14":15,"15":15,"23":1,"31":1,"38":5,"50":3,"61":9,"72":0},"path":"/Users/cody/Projects/GeoWeb/core-contracts/contracts/ERC721License.sol","s":{"1":15,"2":15,"3":1,"4":1,"5":5,"6":3,"7":9,"8":0},"b":{},"f":{"1":15,"2":1,"3":1,"4":5,"5":3,"6":9,"7":0},"fnMap":{"1":{"name":"constructor","line":13,"loc":{"start":{"line":13,"column":4},"end":{"line":16,"column":4}}},"2":{"name":"pause","line":22,"loc":{"start":{"line":22,"column":4},"end":{"line":24,"column":4}}},"3":{"name":"unpause","line":30,"loc":{"start":{"line":30,"column":4},"end":{"line":32,"column":4}}},"4":{"name":"safeMint","line":36,"loc":{"start":{"line":34,"column":4},"end":{"line":39,"column":4}}},"5":{"name":"isApprovedForAll","line":44,"loc":{"start":{"line":44,"column":4},"end":{"line":53,"column":4}}},"6":{"name":"_beforeTokenTransfer","line":60,"loc":{"start":{"line":56,"column":4},"end":{"line":62,"column":4}}},"7":{"name":"supportsInterface","line":66,"loc":{"start":{"line":66,"column":4},"end":{"line":73,"column":4}}}},"statementMap":{"1":{"start":{"line":14,"column":8},"end":{"line":14,"column":49}},"2":{"start":{"line":15,"column":8},"end":{"line":15,"column":41}},"3":{"start":{"line":23,"column":8},"end":{"line":23,"column":15}},"4":{"start":{"line":31,"column":8},"end":{"line":31,"column":17}},"5":{"start":{"line":38,"column":8},"end":{"line":38,"column":29}},"6":{"start":{"line":50,"column":8},"end":{"line":50,"column":1518}},"7":{"start":{"line":61,"column":8},"end":{"line":61,"column":52}},"8":{"start":{"line":72,"column":8},"end":{"line":72,"column":51}}},"branchMap":{}},"contracts/ETHExpirationCollector.sol":{"l":{"55":51,"56":51,"58":51,"59":51,"60":51,"61":51,"62":51,"63":51,"75":1,"87":1,"99":1,"111":1,"123":1,"135":1,"143":1,"151":1,"159":2,"162":2,"165":2,"167":2,"181":15,"186":12,"192":12,"195":11,"204":0,"218":1,"232":14,"233":14,"236":14,"237":14,"238":4,"240":10,"244":14,"248":14,"252":14,"254":14,"257":14,"259":14,"265":13,"266":5,"269":13,"271":13},"path":"/Users/cody/Projects/GeoWeb/core-contracts/contracts/ETHExpirationCollector.sol","s":{"1":51,"2":51,"3":51,"4":51,"5":51,"6":51,"7":51,"8":51,"9":1,"10":1,"11":1,"12":1,"13":1,"14":1,"15":1,"16":1,"17":2,"18":2,"19":2,"20":2,"21":15,"22":12,"23":12,"24":11,"25":0,"26":1,"27":14,"28":14,"29":14,"30":14,"31":4,"32":10,"33":14,"34":14,"35":14,"36":14,"37":14,"38":14,"39":13,"40":5,"41":13,"42":13},"b":{"1":[12,3],"2":[12,0],"3":[4,10],"4":[14,0],"5":[13,1],"6":[5,8]},"f":{"1":51,"2":1,"3":1,"4":1,"5":1,"6":1,"7":1,"8":1,"9":1,"10":2,"11":15,"12":0,"13":1,"14":14},"fnMap":{"1":{"name":"constructor","line":47,"loc":{"start":{"line":47,"column":4},"end":{"line":64,"column":4}}},"2":{"name":"setMinContributionRate","line":73,"loc":{"start":{"line":71,"column":4},"end":{"line":76,"column":4}}},"3":{"name":"setMinExpiration","line":85,"loc":{"start":{"line":83,"column":4},"end":{"line":88,"column":4}}},"4":{"name":"setMaxExpiration","line":97,"loc":{"start":{"line":95,"column":4},"end":{"line":100,"column":4}}},"5":{"name":"setLicense","line":109,"loc":{"start":{"line":107,"column":4},"end":{"line":112,"column":4}}},"6":{"name":"setReceiver","line":121,"loc":{"start":{"line":119,"column":4},"end":{"line":124,"column":4}}},"7":{"name":"setAccountant","line":133,"loc":{"start":{"line":131,"column":4},"end":{"line":136,"column":4}}},"8":{"name":"pause","line":142,"loc":{"start":{"line":142,"column":4},"end":{"line":144,"column":4}}},"9":{"name":"unpause","line":150,"loc":{"start":{"line":150,"column":4},"end":{"line":152,"column":4}}},"10":{"name":"makePayment","line":158,"loc":{"start":{"line":158,"column":4},"end":{"line":168,"column":4}}},"11":{"name":"setContributionRate","line":179,"loc":{"start":{"line":176,"column":4},"end":{"line":196,"column":4}}},"12":{"name":"isValid","line":203,"loc":{"start":{"line":203,"column":4},"end":{"line":205,"column":4}}},"13":{"name":"invalidStartDate","line":212,"loc":{"start":{"line":212,"column":4},"end":{"line":219,"column":4}}},"14":{"name":"_updateExpiration","line":227,"loc":{"start":{"line":227,"column":4},"end":{"line":272,"column":4}}}},"statementMap":{"1":{"start":{"line":55,"column":8},"end":{"line":55,"column":49}},"2":{"start":{"line":56,"column":8},"end":{"line":56,"column":41}},"3":{"start":{"line":58,"column":8},"end":{"line":58,"column":49}},"4":{"start":{"line":59,"column":8},"end":{"line":59,"column":37}},"5":{"start":{"line":60,"column":8},"end":{"line":60,"column":37}},"6":{"start":{"line":61,"column":8},"end":{"line":61,"column":40}},"7":{"start":{"line":62,"column":8},"end":{"line":62,"column":27}},"8":{"start":{"line":63,"column":8},"end":{"line":63,"column":49}},"9":{"start":{"line":75,"column":8},"end":{"line":75,"column":49}},"10":{"start":{"line":87,"column":8},"end":{"line":87,"column":37}},"11":{"start":{"line":99,"column":8},"end":{"line":99,"column":37}},"12":{"start":{"line":111,"column":8},"end":{"line":111,"column":40}},"13":{"start":{"line":123,"column":8},"end":{"line":123,"column":27}},"14":{"start":{"line":135,"column":8},"end":{"line":135,"column":49}},"15":{"start":{"line":143,"column":8},"end":{"line":143,"column":15}},"16":{"start":{"line":151,"column":8},"end":{"line":151,"column":17}},"17":{"start":{"line":159,"column":8},"end":{"line":159,"column":74}},"18":{"start":{"line":162,"column":8},"end":{"line":162,"column":64}},"19":{"start":{"line":165,"column":8},"end":{"line":165,"column":42}},"20":{"start":{"line":167,"column":8},"end":{"line":167,"column":39}},"21":{"start":{"line":181,"column":8},"end":{"line":181,"column":5635}},"22":{"start":{"line":186,"column":8},"end":{"line":186,"column":5821}},"23":{"start":{"line":192,"column":8},"end":{"line":192,"column":60}},"24":{"start":{"line":195,"column":8},"end":{"line":195,"column":62}},"25":{"start":{"line":204,"column":8},"end":{"line":204,"column":64}},"26":{"start":{"line":218,"column":8},"end":{"line":218,"column":46}},"27":{"start":{"line":232,"column":8},"end":{"line":232,"column":76}},"28":{"start":{"line":233,"column":8},"end":{"line":233,"column":74}},"29":{"start":{"line":236,"column":8},"end":{"line":236,"column":35}},"30":{"start":{"line":237,"column":8},"end":{"line":237,"column":7456}},"31":{"start":{"line":238,"column":12},"end":{"line":238,"column":77}},"32":{"start":{"line":240,"column":12},"end":{"line":240,"column":34}},"33":{"start":{"line":244,"column":8},"end":{"line":244,"column":7738}},"34":{"start":{"line":248,"column":8},"end":{"line":248,"column":7886}},"35":{"start":{"line":252,"column":8},"end":{"line":252,"column":75}},"36":{"start":{"line":254,"column":8},"end":{"line":254,"column":77}},"37":{"start":{"line":257,"column":8},"end":{"line":257,"column":73}},"38":{"start":{"line":259,"column":8},"end":{"line":259,"column":8273}},"39":{"start":{"line":265,"column":8},"end":{"line":265,"column":8472}},"40":{"start":{"line":266,"column":12},"end":{"line":266,"column":67}},"41":{"start":{"line":269,"column":8},"end":{"line":269,"column":63}},"42":{"start":{"line":271,"column":8},"end":{"line":271,"column":65}}},"branchMap":{"1":{"line":181,"type":"if","locations":[{"start":{"line":181,"column":8},"end":{"line":181,"column":8}},{"start":{"line":181,"column":8},"end":{"line":181,"column":8}}]},"2":{"line":186,"type":"if","locations":[{"start":{"line":186,"column":8},"end":{"line":186,"column":8}},{"start":{"line":186,"column":8},"end":{"line":186,"column":8}}]},"3":{"line":237,"type":"if","locations":[{"start":{"line":237,"column":8},"end":{"line":237,"column":8}},{"start":{"line":237,"column":8},"end":{"line":237,"column":8}}]},"4":{"line":254,"type":"if","locations":[{"start":{"line":254,"column":8},"end":{"line":254,"column":8}},{"start":{"line":254,"column":8},"end":{"line":254,"column":8}}]},"5":{"line":259,"type":"if","locations":[{"start":{"line":259,"column":8},"end":{"line":259,"column":8}},{"start":{"line":259,"column":8},"end":{"line":259,"column":8}}]},"6":{"line":265,"type":"if","locations":[{"start":{"line":265,"column":8},"end":{"line":265,"column":8}},{"start":{"line":265,"column":8},"end":{"line":265,"column":8}}]}}},"contracts/interfaces/ILicenseValidator.sol":{"l":{},"path":"/Users/cody/Projects/GeoWeb/core-contracts/contracts/interfaces/ILicenseValidator.sol","s":{},"b":{},"f":{},"fnMap":{},"statementMap":{},"branchMap":{}},"contracts/mock/MockAccountant.sol":{"l":{"14":33,"15":33,"19":11},"path":"/Users/cody/Projects/GeoWeb/core-contracts/contracts/mock/MockAccountant.sol","s":{"1":33,"2":33,"3":11},"b":{},"f":{"1":33,"2":11},"fnMap":{"1":{"name":"constructor","line":10,"loc":{"start":{"line":10,"column":4},"end":{"line":16,"column":4}}},"2":{"name":"setContributionRate","line":18,"loc":{"start":{"line":18,"column":4},"end":{"line":20,"column":4}}}},"statementMap":{"1":{"start":{"line":14,"column":8},"end":{"line":14,"column":53}},"2":{"start":{"line":15,"column":8},"end":{"line":15,"column":57}},"3":{"start":{"line":19,"column":8},"end":{"line":19,"column":38}}},"branchMap":{}},"contracts/mock/MockCollector.sol":{"l":{"11":9,"12":9,"16":3,"20":3},"path":"/Users/cody/Projects/GeoWeb/core-contracts/contracts/mock/MockCollector.sol","s":{"1":9,"2":9,"3":3,"4":3},"b":{"1":[3,0]},"f":{"1":9,"2":3},"fnMap":{"1":{"name":"constructor","line":10,"loc":{"start":{"line":10,"column":4},"end":{"line":13,"column":4}}},"2":{"name":"setContributionRate","line":15,"loc":{"start":{"line":15,"column":4},"end":{"line":21,"column":4}}}},"statementMap":{"1":{"start":{"line":11,"column":8},"end":{"line":11,"column":45}},"2":{"start":{"line":12,"column":8},"end":{"line":12,"column":31}},"3":{"start":{"line":16,"column":8},"end":{"line":16,"column":453}},"4":{"start":{"line":20,"column":8},"end":{"line":20,"column":76}}},"branchMap":{"1":{"line":16,"type":"if","locations":[{"start":{"line":16,"column":8},"end":{"line":16,"column":8}},{"start":{"line":16,"column":8},"end":{"line":16,"column":8}}]}}},"contracts/mock/MockERC721License.sol":{"l":{"12":0,"16":1,"20":14,"24":0,"32":0,"36":0},"path":"/Users/cody/Projects/GeoWeb/core-contracts/contracts/mock/MockERC721License.sol","s":{"1":0,"2":1,"3":14,"4":0,"5":0,"6":0},"b":{},"f":{"1":42,"2":0,"3":1,"4":14,"5":0,"6":0,"7":0},"fnMap":{"1":{"name":"constructor","line":8,"loc":{"start":{"line":7,"column":4},"end":{"line":9,"column":5}}},"2":{"name":"baseURI","line":11,"loc":{"start":{"line":11,"column":4},"end":{"line":13,"column":4}}},"3":{"name":"exists","line":15,"loc":{"start":{"line":15,"column":4},"end":{"line":17,"column":4}}},"4":{"name":"mint","line":19,"loc":{"start":{"line":19,"column":4},"end":{"line":21,"column":4}}},"5":{"name":"safeMint","line":23,"loc":{"start":{"line":23,"column":4},"end":{"line":25,"column":4}}},"6":{"name":"safeMint","line":27,"loc":{"start":{"line":27,"column":4},"end":{"line":33,"column":4}}},"7":{"name":"burn","line":35,"loc":{"start":{"line":35,"column":4},"end":{"line":37,"column":4}}}},"statementMap":{"1":{"start":{"line":12,"column":8},"end":{"line":12,"column":25}},"2":{"start":{"line":16,"column":8},"end":{"line":16,"column":31}},"3":{"start":{"line":20,"column":8},"end":{"line":20,"column":25}},"4":{"start":{"line":24,"column":8},"end":{"line":24,"column":29}},"5":{"start":{"line":32,"column":8},"end":{"line":32,"column":36}},"6":{"start":{"line":36,"column":8},"end":{"line":36,"column":21}}},"branchMap":{}},"contracts/mock/MockLicenseValidator.sol":{"l":{"11":6,"12":6,"16":2,"25":1},"path":"/Users/cody/Projects/GeoWeb/core-contracts/contracts/mock/MockLicenseValidator.sol","s":{"1":6,"2":6,"3":2,"4":1},"b":{},"f":{"1":6,"2":2,"3":1},"fnMap":{"1":{"name":"constructor","line":10,"loc":{"start":{"line":10,"column":4},"end":{"line":13,"column":4}}},"2":{"name":"isValid","line":15,"loc":{"start":{"line":15,"column":4},"end":{"line":17,"column":4}}},"3":{"name":"invalidStartDate","line":19,"loc":{"start":{"line":19,"column":4},"end":{"line":26,"column":4}}}},"statementMap":{"1":{"start":{"line":11,"column":8},"end":{"line":11,"column":33}},"2":{"start":{"line":12,"column":8},"end":{"line":12,"column":43}},"3":{"start":{"line":16,"column":8},"end":{"line":16,"column":32}},"4":{"start":{"line":25,"column":8},"end":{"line":25,"column":31}}},"branchMap":{}},"contracts/mock/MockParcel.sol":{"l":{"11":3,"12":3},"path":"/Users/cody/Projects/GeoWeb/core-contracts/contracts/mock/MockParcel.sol","s":{"1":3,"2":3},"b":{},"f":{"1":3},"fnMap":{"1":{"name":"build","line":7,"loc":{"start":{"line":7,"column":4},"end":{"line":13,"column":4}}}},"statementMap":{"1":{"start":{"line":11,"column":8},"end":{"line":11,"column":27}},"2":{"start":{"line":12,"column":8},"end":{"line":12,"column":26}}},"branchMap":{}},"contracts/SimpleETHClaimer.sol":{"l":{"35":21,"36":21,"38":21,"40":21,"41":21,"42":21,"54":1,"66":1,"78":1,"90":1,"107":3,"110":3,"113":3,"118":3,"122":3,"127":2,"135":1,"143":1},"path":"/Users/cody/Projects/GeoWeb/core-contracts/contracts/SimpleETHClaimer.sol","s":{"1":21,"2":21,"3":21,"4":21,"5":21,"6":21,"7":1,"8":1,"9":1,"10":1,"11":3,"12":3,"13":3,"14":3,"15":3,"16":2,"17":1,"18":1},"b":{"1":[2,1]},"f":{"1":21,"2":1,"3":1,"4":1,"5":1,"6":3,"7":1,"8":1},"fnMap":{"1":{"name":"constructor","line":29,"loc":{"start":{"line":29,"column":4},"end":{"line":43,"column":4}}},"2":{"name":"setMinClaimExpiration","line":52,"loc":{"start":{"line":50,"column":4},"end":{"line":55,"column":4}}},"3":{"name":"setLicense","line":64,"loc":{"start":{"line":62,"column":4},"end":{"line":67,"column":4}}},"4":{"name":"setCollector","line":76,"loc":{"start":{"line":74,"column":4},"end":{"line":79,"column":4}}},"5":{"name":"setParcel","line":88,"loc":{"start":{"line":86,"column":4},"end":{"line":91,"column":4}}},"6":{"name":"claim","line":105,"loc":{"start":{"line":100,"column":4},"end":{"line":128,"column":4}}},"7":{"name":"pause","line":134,"loc":{"start":{"line":134,"column":4},"end":{"line":136,"column":4}}},"8":{"name":"unpause","line":142,"loc":{"start":{"line":142,"column":4},"end":{"line":144,"column":4}}}},"statementMap":{"1":{"start":{"line":35,"column":8},"end":{"line":35,"column":49}},"2":{"start":{"line":36,"column":8},"end":{"line":36,"column":41}},"3":{"start":{"line":38,"column":8},"end":{"line":38,"column":47}},"4":{"start":{"line":40,"column":8},"end":{"line":40,"column":50}},"5":{"start":{"line":41,"column":8},"end":{"line":41,"column":41}},"6":{"start":{"line":42,"column":8},"end":{"line":42,"column":59}},"7":{"start":{"line":54,"column":8},"end":{"line":54,"column":47}},"8":{"start":{"line":66,"column":8},"end":{"line":66,"column":50}},"9":{"start":{"line":78,"column":8},"end":{"line":78,"column":59}},"10":{"start":{"line":90,"column":8},"end":{"line":90,"column":41}},"11":{"start":{"line":107,"column":8},"end":{"line":107,"column":61}},"12":{"start":{"line":110,"column":8},"end":{"line":110,"column":33}},"13":{"start":{"line":113,"column":8},"end":{"line":113,"column":3499}},"14":{"start":{"line":118,"column":8},"end":{"line":118,"column":3627}},"15":{"start":{"line":122,"column":8},"end":{"line":122,"column":3736}},"16":{"start":{"line":127,"column":8},"end":{"line":127,"column":40}},"17":{"start":{"line":135,"column":8},"end":{"line":135,"column":15}},"18":{"start":{"line":143,"column":8},"end":{"line":143,"column":17}}},"branchMap":{"1":{"line":122,"type":"if","locations":[{"start":{"line":122,"column":8},"end":{"line":122,"column":8}},{"start":{"line":122,"column":8},"end":{"line":122,"column":8}}]}}}}