{"contracts/Accountant.sol":{"l":{"24":15,"37":1,"38":1,"50":3,"63":1,"72":2,"81":1},"path":"/Users/cody/Projects/GeoWeb/core-contracts/contracts/Accountant.sol","s":{"1":15,"2":1,"3":1,"4":3,"5":1,"6":2,"7":1},"b":{},"f":{"1":15,"2":1,"3":3,"4":1,"5":2,"6":1},"fnMap":{"1":{"name":"constructor","line":23,"loc":{"start":{"line":23,"column":4},"end":{"line":25,"column":4}}},"2":{"name":"setPerSecondFee","line":36,"loc":{"start":{"line":33,"column":4},"end":{"line":39,"column":4}}},"3":{"name":"setValidator","line":48,"loc":{"start":{"line":46,"column":4},"end":{"line":51,"column":4}}},"4":{"name":"setContributionRate","line":61,"loc":{"start":{"line":59,"column":4},"end":{"line":64,"column":4}}},"5":{"name":"isValid","line":71,"loc":{"start":{"line":71,"column":4},"end":{"line":73,"column":4}}},"6":{"name":"invalidStartDate","line":80,"loc":{"start":{"line":80,"column":4},"end":{"line":82,"column":4}}}},"statementMap":{"1":{"start":{"line":24,"column":8},"end":{"line":24,"column":49}},"2":{"start":{"line":37,"column":8},"end":{"line":37,"column":53}},"3":{"start":{"line":38,"column":8},"end":{"line":38,"column":57}},"4":{"start":{"line":50,"column":8},"end":{"line":50,"column":48}},"5":{"start":{"line":63,"column":8},"end":{"line":63,"column":38}},"6":{"start":{"line":72,"column":8},"end":{"line":72,"column":36}},"7":{"start":{"line":81,"column":8},"end":{"line":81,"column":45}}},"branchMap":{}},"contracts/ERC721License.sol":{"l":{"14":15,"15":15,"23":1,"31":1,"38":5,"50":3,"61":9,"72":0},"path":"/Users/cody/Projects/GeoWeb/core-contracts/contracts/ERC721License.sol","s":{"1":15,"2":15,"3":1,"4":1,"5":5,"6":3,"7":9,"8":0},"b":{},"f":{"1":15,"2":1,"3":1,"4":5,"5":3,"6":9,"7":0},"fnMap":{"1":{"name":"constructor","line":13,"loc":{"start":{"line":13,"column":4},"end":{"line":16,"column":4}}},"2":{"name":"pause","line":22,"loc":{"start":{"line":22,"column":4},"end":{"line":24,"column":4}}},"3":{"name":"unpause","line":30,"loc":{"start":{"line":30,"column":4},"end":{"line":32,"column":4}}},"4":{"name":"safeMint","line":36,"loc":{"start":{"line":34,"column":4},"end":{"line":39,"column":4}}},"5":{"name":"isApprovedForAll","line":44,"loc":{"start":{"line":44,"column":4},"end":{"line":53,"column":4}}},"6":{"name":"_beforeTokenTransfer","line":60,"loc":{"start":{"line":56,"column":4},"end":{"line":62,"column":4}}},"7":{"name":"supportsInterface","line":66,"loc":{"start":{"line":66,"column":4},"end":{"line":73,"column":4}}}},"statementMap":{"1":{"start":{"line":14,"column":8},"end":{"line":14,"column":49}},"2":{"start":{"line":15,"column":8},"end":{"line":15,"column":41}},"3":{"start":{"line":23,"column":8},"end":{"line":23,"column":15}},"4":{"start":{"line":31,"column":8},"end":{"line":31,"column":17}},"5":{"start":{"line":38,"column":8},"end":{"line":38,"column":29}},"6":{"start":{"line":50,"column":8},"end":{"line":50,"column":1518}},"7":{"start":{"line":61,"column":8},"end":{"line":61,"column":52}},"8":{"start":{"line":72,"column":8},"end":{"line":72,"column":51}}},"branchMap":{}},"contracts/ETHExpirationCollector.sol":{"l":{"55":51,"56":51,"58":51,"59":51,"60":51,"61":51,"62":51,"63":51,"75":1,"87":1,"99":1,"111":1,"123":1,"135":1,"143":1,"151":1,"159":2,"162":2,"165":2,"167":2,"181":15,"186":12,"192":12,"195":11,"204":0,"218":1,"232":14,"233":14,"236":14,"237":14,"238":4,"240":10,"244":14,"248":14,"252":14,"254":14,"257":14,"259":14,"265":13,"266":5,"269":13,"271":13},"path":"/Users/cody/Projects/GeoWeb/core-contracts/contracts/ETHExpirationCollector.sol","s":{"1":51,"2":51,"3":51,"4":51,"5":51,"6":51,"7":51,"8":51,"9":1,"10":1,"11":1,"12":1,"13":1,"14":1,"15":1,"16":1,"17":2,"18":2,"19":2,"20":2,"21":15,"22":12,"23":12,"24":11,"25":0,"26":1,"27":14,"28":14,"29":14,"30":14,"31":4,"32":10,"33":14,"34":14,"35":14,"36":14,"37":14,"38":14,"39":13,"40":5,"41":13,"42":13},"b":{"1":[12,3],"2":[12,0],"3":[4,10],"4":[14,0],"5":[13,1],"6":[5,8]},"f":{"1":51,"2":1,"3":1,"4":1,"5":1,"6":1,"7":1,"8":1,"9":1,"10":2,"11":15,"12":0,"13":1,"14":14},"fnMap":{"1":{"name":"constructor","line":47,"loc":{"start":{"line":47,"column":4},"end":{"line":64,"column":4}}},"2":{"name":"setMinContributionRate","line":73,"loc":{"start":{"line":71,"column":4},"end":{"line":76,"column":4}}},"3":{"name":"setMinExpiration","line":85,"loc":{"start":{"line":83,"column":4},"end":{"line":88,"column":4}}},"4":{"name":"setMaxExpiration","line":97,"loc":{"start":{"line":95,"column":4},"end":{"line":100,"column":4}}},"5":{"name":"setLicense","line":109,"loc":{"start":{"line":107,"column":4},"end":{"line":112,"column":4}}},"6":{"name":"setReceiver","line":121,"loc":{"start":{"line":119,"column":4},"end":{"line":124,"column":4}}},"7":{"name":"setAccountant","line":133,"loc":{"start":{"line":131,"column":4},"end":{"line":136,"column":4}}},"8":{"name":"pause","line":142,"loc":{"start":{"line":142,"column":4},"end":{"line":144,"column":4}}},"9":{"name":"unpause","line":150,"loc":{"start":{"line":150,"column":4},"end":{"line":152,"column":4}}},"10":{"name":"makePayment","line":158,"loc":{"start":{"line":158,"column":4},"end":{"line":168,"column":4}}},"11":{"name":"setContributionRate","line":179,"loc":{"start":{"line":176,"column":4},"end":{"line":196,"column":4}}},"12":{"name":"isValid","line":203,"loc":{"start":{"line":203,"column":4},"end":{"line":205,"column":4}}},"13":{"name":"invalidStartDate","line":212,"loc":{"start":{"line":212,"column":4},"end":{"line":219,"column":4}}},"14":{"name":"_updateExpiration","line":227,"loc":{"start":{"line":227,"column":4},"end":{"line":272,"column":4}}}},"statementMap":{"1":{"start":{"line":55,"column":8},"end":{"line":55,"column":49}},"2":{"start":{"line":56,"column":8},"end":{"line":56,"column":41}},"3":{"start":{"line":58,"column":8},"end":{"line":58,"column":49}},"4":{"start":{"line":59,"column":8},"end":{"line":59,"column":37}},"5":{"start":{"line":60,"column":8},"end":{"line":60,"column":37}},"6":{"start":{"line":61,"column":8},"end":{"line":61,"column":40}},"7":{"start":{"line":62,"column":8},"end":{"line":62,"column":27}},"8":{"start":{"line":63,"column":8},"end":{"line":63,"column":49}},"9":{"start":{"line":75,"column":8},"end":{"line":75,"column":49}},"10":{"start":{"line":87,"column":8},"end":{"line":87,"column":37}},"11":{"start":{"line":99,"column":8},"end":{"line":99,"column":37}},"12":{"start":{"line":111,"column":8},"end":{"line":111,"column":40}},"13":{"start":{"line":123,"column":8},"end":{"line":123,"column":27}},"14":{"start":{"line":135,"column":8},"end":{"line":135,"column":49}},"15":{"start":{"line":143,"column":8},"end":{"line":143,"column":15}},"16":{"start":{"line":151,"column":8},"end":{"line":151,"column":17}},"17":{"start":{"line":159,"column":8},"end":{"line":159,"column":74}},"18":{"start":{"line":162,"column":8},"end":{"line":162,"column":64}},"19":{"start":{"line":165,"column":8},"end":{"line":165,"column":42}},"20":{"start":{"line":167,"column":8},"end":{"line":167,"column":39}},"21":{"start":{"line":181,"column":8},"end":{"line":181,"column":5635}},"22":{"start":{"line":186,"column":8},"end":{"line":186,"column":5821}},"23":{"start":{"line":192,"column":8},"end":{"line":192,"column":60}},"24":{"start":{"line":195,"column":8},"end":{"line":195,"column":62}},"25":{"start":{"line":204,"column":8},"end":{"line":204,"column":64}},"26":{"start":{"line":218,"column":8},"end":{"line":218,"column":46}},"27":{"start":{"line":232,"column":8},"end":{"line":232,"column":76}},"28":{"start":{"line":233,"column":8},"end":{"line":233,"column":74}},"29":{"start":{"line":236,"column":8},"end":{"line":236,"column":35}},"30":{"start":{"line":237,"column":8},"end":{"line":237,"column":7456}},"31":{"start":{"line":238,"column":12},"end":{"line":238,"column":77}},"32":{"start":{"line":240,"column":12},"end":{"line":240,"column":34}},"33":{"start":{"line":244,"column":8},"end":{"line":244,"column":7738}},"34":{"start":{"line":248,"column":8},"end":{"line":248,"column":7886}},"35":{"start":{"line":252,"column":8},"end":{"line":252,"column":75}},"36":{"start":{"line":254,"column":8},"end":{"line":254,"column":77}},"37":{"start":{"line":257,"column":8},"end":{"line":257,"column":73}},"38":{"start":{"line":259,"column":8},"end":{"line":259,"column":8273}},"39":{"start":{"line":265,"column":8},"end":{"line":265,"column":8472}},"40":{"start":{"line":266,"column":12},"end":{"line":266,"column":67}},"41":{"start":{"line":269,"column":8},"end":{"line":269,"column":63}},"42":{"start":{"line":271,"column":8},"end":{"line":271,"column":65}}},"branchMap":{"1":{"line":181,"type":"if","locations":[{"start":{"line":181,"column":8},"end":{"line":181,"column":8}},{"start":{"line":181,"column":8},"end":{"line":181,"column":8}}]},"2":{"line":186,"type":"if","locations":[{"start":{"line":186,"column":8},"end":{"line":186,"column":8}},{"start":{"line":186,"column":8},"end":{"line":186,"column":8}}]},"3":{"line":237,"type":"if","locations":[{"start":{"line":237,"column":8},"end":{"line":237,"column":8}},{"start":{"line":237,"column":8},"end":{"line":237,"column":8}}]},"4":{"line":254,"type":"if","locations":[{"start":{"line":254,"column":8},"end":{"line":254,"column":8}},{"start":{"line":254,"column":8},"end":{"line":254,"column":8}}]},"5":{"line":259,"type":"if","locations":[{"start":{"line":259,"column":8},"end":{"line":259,"column":8}},{"start":{"line":259,"column":8},"end":{"line":259,"column":8}}]},"6":{"line":265,"type":"if","locations":[{"start":{"line":265,"column":8},"end":{"line":265,"column":8}},{"start":{"line":265,"column":8},"end":{"line":265,"column":8}}]}}},"contracts/ETHPurchaser.sol":{"l":{"40":36,"41":36,"43":36,"44":36,"45":36,"46":36,"58":1,"70":1,"82":1,"93":1,"101":1,"109":1,"118":8,"121":8,"125":8,"127":8,"129":4,"130":4,"132":4,"137":2,"139":2,"140":2,"143":2,"160":3,"161":3,"165":2,"171":1,"172":1,"175":1,"176":1,"182":1,"184":1},"path":"/Users/cody/Projects/GeoWeb/core-contracts/contracts/ETHPurchaser.sol","s":{"1":36,"2":36,"3":36,"4":36,"5":36,"6":36,"7":1,"8":1,"9":1,"10":1,"11":1,"12":1,"13":8,"14":8,"15":8,"16":8,"17":4,"18":4,"19":4,"20":4,"21":2,"22":2,"23":2,"24":2,"25":3,"26":3,"27":2,"28":1,"29":1,"30":1,"31":1,"32":1,"33":1},"b":{"1":[4,4],"2":[2,2],"3":[2,1],"4":[1,1]},"f":{"1":36,"2":1,"3":1,"4":1,"5":1,"6":1,"7":1,"8":8,"9":3},"fnMap":{"1":{"name":"constructor","line":34,"loc":{"start":{"line":34,"column":4},"end":{"line":47,"column":4}}},"2":{"name":"setLicense","line":56,"loc":{"start":{"line":54,"column":4},"end":{"line":59,"column":4}}},"3":{"name":"setCollector","line":68,"loc":{"start":{"line":66,"column":4},"end":{"line":71,"column":4}}},"4":{"name":"setAccountant","line":80,"loc":{"start":{"line":78,"column":4},"end":{"line":83,"column":4}}},"5":{"name":"setDutchAuctionLengthInSeconds","line":92,"loc":{"start":{"line":90,"column":4},"end":{"line":94,"column":4}}},"6":{"name":"pause","line":100,"loc":{"start":{"line":100,"column":4},"end":{"line":102,"column":4}}},"7":{"name":"unpause","line":108,"loc":{"start":{"line":108,"column":4},"end":{"line":110,"column":4}}},"8":{"name":"calculatePurchasePrice","line":117,"loc":{"start":{"line":117,"column":4},"end":{"line":145,"column":4}}},"9":{"name":"purchase","line":159,"loc":{"start":{"line":154,"column":4},"end":{"line":185,"column":4}}}},"statementMap":{"1":{"start":{"line":40,"column":8},"end":{"line":40,"column":49}},"2":{"start":{"line":41,"column":8},"end":{"line":41,"column":41}},"3":{"start":{"line":43,"column":8},"end":{"line":43,"column":65}},"4":{"start":{"line":44,"column":8},"end":{"line":44,"column":46}},"5":{"start":{"line":45,"column":8},"end":{"line":45,"column":59}},"6":{"start":{"line":46,"column":8},"end":{"line":46,"column":49}},"7":{"start":{"line":58,"column":8},"end":{"line":58,"column":46}},"8":{"start":{"line":70,"column":8},"end":{"line":70,"column":59}},"9":{"start":{"line":82,"column":8},"end":{"line":82,"column":49}},"10":{"start":{"line":93,"column":8},"end":{"line":93,"column":65}},"11":{"start":{"line":101,"column":8},"end":{"line":101,"column":15}},"12":{"start":{"line":109,"column":8},"end":{"line":109,"column":17}},"13":{"start":{"line":118,"column":8},"end":{"line":118,"column":67}},"14":{"start":{"line":121,"column":8},"end":{"line":121,"column":3794}},"15":{"start":{"line":125,"column":8},"end":{"line":125,"column":79}},"16":{"start":{"line":127,"column":8},"end":{"line":127,"column":3983}},"17":{"start":{"line":129,"column":12},"end":{"line":129,"column":79}},"18":{"start":{"line":130,"column":12},"end":{"line":130,"column":71}},"19":{"start":{"line":132,"column":12},"end":{"line":132,"column":37}},"20":{"start":{"line":133,"column":15},"end":{"line":133,"column":4286}},"21":{"start":{"line":137,"column":12},"end":{"line":137,"column":20}},"22":{"start":{"line":139,"column":12},"end":{"line":139,"column":71}},"23":{"start":{"line":140,"column":12},"end":{"line":140,"column":4557}},"24":{"start":{"line":143,"column":12},"end":{"line":143,"column":47}},"25":{"start":{"line":160,"column":8},"end":{"line":160,"column":58}},"26":{"start":{"line":161,"column":8},"end":{"line":161,"column":5248}},"27":{"start":{"line":165,"column":8},"end":{"line":165,"column":5418}},"28":{"start":{"line":171,"column":8},"end":{"line":171,"column":50}},"29":{"start":{"line":172,"column":8},"end":{"line":172,"column":50}},"30":{"start":{"line":175,"column":8},"end":{"line":175,"column":60}},"31":{"start":{"line":176,"column":8},"end":{"line":176,"column":5817}},"32":{"start":{"line":182,"column":8},"end":{"line":182,"column":50}},"33":{"start":{"line":184,"column":8},"end":{"line":184,"column":53}}},"branchMap":{"1":{"line":127,"type":"if","locations":[{"start":{"line":127,"column":8},"end":{"line":127,"column":8}},{"start":{"line":127,"column":8},"end":{"line":127,"column":8}}]},"2":{"line":133,"type":"if","locations":[{"start":{"line":133,"column":15},"end":{"line":133,"column":15}},{"start":{"line":133,"column":15},"end":{"line":133,"column":15}}]},"3":{"line":161,"type":"if","locations":[{"start":{"line":161,"column":8},"end":{"line":161,"column":8}},{"start":{"line":161,"column":8},"end":{"line":161,"column":8}}]},"4":{"line":165,"type":"if","locations":[{"start":{"line":165,"column":8},"end":{"line":165,"column":8}},{"start":{"line":165,"column":8},"end":{"line":165,"column":8}}]}}},"contracts/GeoWebCoordinate.sol":{"l":{"30":11,"49":296,"50":296,"52":296,"53":296,"54":296,"56":296,"58":20,"59":20,"61":19,"62":1,"63":1,"65":18,"69":4,"70":2,"72":2,"73":1,"74":1,"76":1,"80":6,"82":1,"83":1,"84":1,"86":5,"87":5,"88":4,"89":4,"91":1,"96":266,"98":3,"99":3,"100":3,"102":263,"103":263,"104":16,"105":16,"107":247,"112":293,"117":326,"118":326,"123":326,"124":326,"137":2,"149":30,"150":30,"152":30,"153":30,"155":30,"156":30,"158":30,"181":1,"193":314,"194":314,"195":314,"196":28,"198":286,"200":286,"201":286},"path":"/Users/cody/Projects/GeoWeb/core-contracts/contracts/GeoWebCoordinate.sol","s":{"1":11,"2":296,"3":296,"4":296,"5":296,"6":296,"7":296,"8":20,"9":20,"10":19,"11":1,"12":1,"13":18,"14":276,"15":4,"16":2,"17":2,"18":1,"19":1,"20":1,"21":272,"22":6,"23":1,"24":1,"25":1,"26":5,"27":5,"28":4,"29":4,"30":1,"31":266,"32":266,"33":3,"34":3,"35":3,"36":263,"37":263,"38":16,"39":16,"40":247,"41":293,"42":326,"43":326,"44":326,"45":326,"46":2,"47":30,"48":30,"49":30,"50":30,"51":30,"52":30,"53":30,"54":1,"55":314,"56":314,"57":314,"58":28,"59":286,"60":286,"61":286},"b":{"1":[20,276],"2":[19,1],"3":[1,18],"4":[4,272],"5":[2,2],"6":[1,1],"7":[6,266],"8":[1,5],"9":[4,1],"10":[266,0],"11":[3,263],"12":[16,247],"13":[326,0],"14":[326,0],"15":[28,286]},"f":{"1":11,"2":296,"3":326,"4":326,"5":2,"6":30,"7":1,"8":314},"fnMap":{"1":{"name":"traverse","line":14,"loc":{"start":{"line":14,"column":4},"end":{"line":31,"column":4}}},"2":{"name":"_traverse","line":33,"loc":{"start":{"line":33,"column":4},"end":{"line":113,"column":4}}},"3":{"name":"_getX","line":116,"loc":{"start":{"line":116,"column":4},"end":{"line":119,"column":4}}},"4":{"name":"_getY","line":122,"loc":{"start":{"line":122,"column":4},"end":{"line":125,"column":4}}},"5":{"name":"toWordIndex","line":128,"loc":{"start":{"line":128,"column":4},"end":{"line":138,"column":4}}},"6":{"name":"_toWordIndex","line":140,"loc":{"start":{"line":140,"column":4},"end":{"line":159,"column":4}}},"7":{"name":"nextDirection","line":172,"loc":{"start":{"line":172,"column":4},"end":{"line":182,"column":4}}},"8":{"name":"_nextDirection","line":184,"loc":{"start":{"line":184,"column":4},"end":{"line":202,"column":4}}}},"statementMap":{"1":{"start":{"line":30,"column":8},"end":{"line":30,"column":59}},"2":{"start":{"line":49,"column":8},"end":{"line":49,"column":39}},"3":{"start":{"line":50,"column":8},"end":{"line":50,"column":39}},"4":{"start":{"line":52,"column":8},"end":{"line":52,"column":17}},"5":{"start":{"line":53,"column":8},"end":{"line":53,"column":17}},"6":{"start":{"line":54,"column":8},"end":{"line":54,"column":13}},"7":{"start":{"line":56,"column":8},"end":{"line":56,"column":1463}},"8":{"start":{"line":58,"column":12},"end":{"line":58,"column":24}},"9":{"start":{"line":59,"column":12},"end":{"line":59,"column":70}},"10":{"start":{"line":61,"column":12},"end":{"line":61,"column":1623}},"11":{"start":{"line":62,"column":16},"end":{"line":62,"column":23}},"12":{"start":{"line":63,"column":16},"end":{"line":63,"column":23}},"13":{"start":{"line":65,"column":16},"end":{"line":65,"column":22}},"14":{"start":{"line":67,"column":15},"end":{"line":67,"column":1772}},"15":{"start":{"line":69,"column":12},"end":{"line":69,"column":65}},"16":{"start":{"line":70,"column":12},"end":{"line":70,"column":24}},"17":{"start":{"line":72,"column":12},"end":{"line":72,"column":1927}},"18":{"start":{"line":73,"column":16},"end":{"line":73,"column":23}},"19":{"start":{"line":74,"column":16},"end":{"line":74,"column":23}},"20":{"start":{"line":76,"column":16},"end":{"line":76,"column":22}},"21":{"start":{"line":78,"column":15},"end":{"line":78,"column":2077}},"22":{"start":{"line":80,"column":12},"end":{"line":80,"column":2135}},"23":{"start":{"line":82,"column":16},"end":{"line":82,"column":27}},"24":{"start":{"line":83,"column":16},"end":{"line":83,"column":22}},"25":{"start":{"line":84,"column":16},"end":{"line":84,"column":22}},"26":{"start":{"line":86,"column":16},"end":{"line":86,"column":28}},"27":{"start":{"line":87,"column":16},"end":{"line":87,"column":2344}},"28":{"start":{"line":88,"column":20},"end":{"line":88,"column":27}},"29":{"start":{"line":89,"column":20},"end":{"line":89,"column":26}},"30":{"start":{"line":91,"column":20},"end":{"line":91,"column":25}},"31":{"start":{"line":94,"column":15},"end":{"line":94,"column":2521}},"32":{"start":{"line":96,"column":12},"end":{"line":96,"column":2579}},"33":{"start":{"line":98,"column":16},"end":{"line":98,"column":31}},"34":{"start":{"line":99,"column":16},"end":{"line":99,"column":31}},"35":{"start":{"line":100,"column":16},"end":{"line":100,"column":22}},"36":{"start":{"line":102,"column":16},"end":{"line":102,"column":28}},"37":{"start":{"line":103,"column":16},"end":{"line":103,"column":2797}},"38":{"start":{"line":104,"column":20},"end":{"line":104,"column":27}},"39":{"start":{"line":105,"column":20},"end":{"line":105,"column":26}},"40":{"start":{"line":107,"column":20},"end":{"line":107,"column":25}},"41":{"start":{"line":112,"column":8},"end":{"line":112,"column":50}},"42":{"start":{"line":117,"column":8},"end":{"line":117,"column":30}},"43":{"start":{"line":118,"column":8},"end":{"line":118,"column":65}},"44":{"start":{"line":123,"column":8},"end":{"line":123,"column":40}},"45":{"start":{"line":124,"column":8},"end":{"line":124,"column":65}},"46":{"start":{"line":137,"column":8},"end":{"line":137,"column":34}},"47":{"start":{"line":149,"column":8},"end":{"line":149,"column":47}},"48":{"start":{"line":150,"column":8},"end":{"line":150,"column":47}},"49":{"start":{"line":152,"column":8},"end":{"line":152,"column":25}},"50":{"start":{"line":153,"column":8},"end":{"line":153,"column":25}},"51":{"start":{"line":155,"column":8},"end":{"line":155,"column":34}},"52":{"start":{"line":156,"column":8},"end":{"line":156,"column":34}},"53":{"start":{"line":158,"column":8},"end":{"line":158,"column":25}},"54":{"start":{"line":181,"column":8},"end":{"line":181,"column":35}},"55":{"start":{"line":193,"column":8},"end":{"line":193,"column":44}},"56":{"start":{"line":194,"column":8},"end":{"line":194,"column":29}},"57":{"start":{"line":195,"column":8},"end":{"line":195,"column":5341}},"58":{"start":{"line":196,"column":12},"end":{"line":196,"column":34}},"59":{"start":{"line":198,"column":8},"end":{"line":198,"column":48}},"60":{"start":{"line":200,"column":8},"end":{"line":200,"column":46}},"61":{"start":{"line":201,"column":8},"end":{"line":201,"column":60}}},"branchMap":{"1":{"line":56,"type":"if","locations":[{"start":{"line":56,"column":8},"end":{"line":56,"column":8}},{"start":{"line":56,"column":8},"end":{"line":56,"column":8}}]},"2":{"line":59,"type":"if","locations":[{"start":{"line":59,"column":12},"end":{"line":59,"column":12}},{"start":{"line":59,"column":12},"end":{"line":59,"column":12}}]},"3":{"line":61,"type":"if","locations":[{"start":{"line":61,"column":12},"end":{"line":61,"column":12}},{"start":{"line":61,"column":12},"end":{"line":61,"column":12}}]},"4":{"line":67,"type":"if","locations":[{"start":{"line":67,"column":15},"end":{"line":67,"column":15}},{"start":{"line":67,"column":15},"end":{"line":67,"column":15}}]},"5":{"line":69,"type":"if","locations":[{"start":{"line":69,"column":12},"end":{"line":69,"column":12}},{"start":{"line":69,"column":12},"end":{"line":69,"column":12}}]},"6":{"line":72,"type":"if","locations":[{"start":{"line":72,"column":12},"end":{"line":72,"column":12}},{"start":{"line":72,"column":12},"end":{"line":72,"column":12}}]},"7":{"line":78,"type":"if","locations":[{"start":{"line":78,"column":15},"end":{"line":78,"column":15}},{"start":{"line":78,"column":15},"end":{"line":78,"column":15}}]},"8":{"line":80,"type":"if","locations":[{"start":{"line":80,"column":12},"end":{"line":80,"column":12}},{"start":{"line":80,"column":12},"end":{"line":80,"column":12}}]},"9":{"line":87,"type":"if","locations":[{"start":{"line":87,"column":16},"end":{"line":87,"column":16}},{"start":{"line":87,"column":16},"end":{"line":87,"column":16}}]},"10":{"line":94,"type":"if","locations":[{"start":{"line":94,"column":15},"end":{"line":94,"column":15}},{"start":{"line":94,"column":15},"end":{"line":94,"column":15}}]},"11":{"line":96,"type":"if","locations":[{"start":{"line":96,"column":12},"end":{"line":96,"column":12}},{"start":{"line":96,"column":12},"end":{"line":96,"column":12}}]},"12":{"line":103,"type":"if","locations":[{"start":{"line":103,"column":16},"end":{"line":103,"column":16}},{"start":{"line":103,"column":16},"end":{"line":103,"column":16}}]},"13":{"line":118,"type":"if","locations":[{"start":{"line":118,"column":8},"end":{"line":118,"column":8}},{"start":{"line":118,"column":8},"end":{"line":118,"column":8}}]},"14":{"line":124,"type":"if","locations":[{"start":{"line":124,"column":8},"end":{"line":124,"column":8}},{"start":{"line":124,"column":8},"end":{"line":124,"column":8}}]},"15":{"line":195,"type":"if","locations":[{"start":{"line":195,"column":8},"end":{"line":195,"column":8}},{"start":{"line":195,"column":8},"end":{"line":195,"column":8}}]}}},"contracts/GeoWebParcel.sol":{"l":{"47":45,"49":45,"63":15,"65":15,"67":12,"68":12,"69":12,"71":12,"73":12,"75":12,"84":7,"86":7,"88":7,"90":7,"103":3,"106":3,"108":3,"109":3,"110":3,"111":3,"112":3,"114":3,"140":3,"141":3,"148":3,"149":3,"151":3,"154":3,"155":3,"158":3,"170":13,"171":13,"180":25,"182":25,"183":25,"185":25,"186":25,"188":25,"240":22},"path":"/Users/cody/Projects/GeoWeb/core-contracts/contracts/GeoWebParcel.sol","s":{"1":45,"2":45,"3":15,"4":15,"5":12,"6":12,"7":12,"8":12,"9":12,"10":12,"11":7,"12":7,"13":7,"14":3,"15":3,"16":3,"17":3,"18":3,"19":3,"20":3,"21":3,"22":3,"23":3,"24":3,"25":3,"26":3,"27":3,"28":3,"29":13,"30":13,"31":25,"32":25,"33":25,"34":25,"35":25,"36":22},"b":{"1":[15,0]},"f":{"1":45,"2":15,"3":7,"4":3,"5":13,"6":25},"fnMap":{"1":{"name":"constructor","line":46,"loc":{"start":{"line":46,"column":4},"end":{"line":50,"column":4}}},"2":{"name":"build","line":60,"loc":{"start":{"line":58,"column":4},"end":{"line":76,"column":4}}},"3":{"name":"destroy","line":83,"loc":{"start":{"line":83,"column":4},"end":{"line":91,"column":4}}},"4":{"name":"append","line":101,"loc":{"start":{"line":99,"column":4},"end":{"line":159,"column":4}}},"5":{"name":"getLandParcel","line":165,"loc":{"start":{"line":165,"column":4},"end":{"line":172,"column":4}}},"6":{"name":"_updateAvailabilityIndex","line":175,"loc":{"start":{"line":175,"column":4},"end":{"line":241,"column":4}}}},"statementMap":{"1":{"start":{"line":47,"column":8},"end":{"line":47,"column":49}},"2":{"start":{"line":49,"column":8},"end":{"line":49,"column":16}},"3":{"start":{"line":63,"column":8},"end":{"line":63,"column":68}},"4":{"start":{"line":65,"column":8},"end":{"line":65,"column":67}},"5":{"start":{"line":67,"column":8},"end":{"line":67,"column":49}},"6":{"start":{"line":68,"column":8},"end":{"line":68,"column":40}},"7":{"start":{"line":69,"column":8},"end":{"line":69,"column":20}},"8":{"start":{"line":71,"column":8},"end":{"line":71,"column":31}},"9":{"start":{"line":73,"column":8},"end":{"line":73,"column":26}},"10":{"start":{"line":75,"column":8},"end":{"line":75,"column":17}},"11":{"start":{"line":84,"column":8},"end":{"line":84,"column":46}},"12":{"start":{"line":86,"column":8},"end":{"line":86,"column":73}},"13":{"start":{"line":90,"column":8},"end":{"line":90,"column":32}},"14":{"start":{"line":103,"column":8},"end":{"line":103,"column":46}},"15":{"start":{"line":106,"column":8},"end":{"line":106,"column":46}},"16":{"start":{"line":108,"column":8},"end":{"line":108,"column":23}},"17":{"start":{"line":109,"column":8},"end":{"line":109,"column":41}},"18":{"start":{"line":110,"column":8},"end":{"line":110,"column":75}},"19":{"start":{"line":111,"column":8},"end":{"line":111,"column":20}},"20":{"start":{"line":112,"column":8},"end":{"line":112,"column":25}},"21":{"start":{"line":140,"column":8},"end":{"line":140,"column":67}},"22":{"start":{"line":141,"column":8},"end":{"line":141,"column":4375}},"23":{"start":{"line":148,"column":8},"end":{"line":148,"column":39}},"24":{"start":{"line":149,"column":8},"end":{"line":149,"column":31}},"25":{"start":{"line":151,"column":8},"end":{"line":151,"column":68}},"26":{"start":{"line":154,"column":8},"end":{"line":154,"column":4712}},"27":{"start":{"line":155,"column":12},"end":{"line":155,"column":31}},"28":{"start":{"line":158,"column":8},"end":{"line":158,"column":31}},"29":{"start":{"line":170,"column":8},"end":{"line":170,"column":46}},"30":{"start":{"line":171,"column":8},"end":{"line":171,"column":41}},"31":{"start":{"line":180,"column":8},"end":{"line":180,"column":44}},"32":{"start":{"line":182,"column":8},"end":{"line":182,"column":23}},"33":{"start":{"line":183,"column":8},"end":{"line":183,"column":39}},"34":{"start":{"line":185,"column":8},"end":{"line":185,"column":75}},"35":{"start":{"line":186,"column":8},"end":{"line":186,"column":50}},"36":{"start":{"line":240,"column":8},"end":{"line":240,"column":41}}},"branchMap":{"1":{"line":63,"type":"if","locations":[{"start":{"line":63,"column":8},"end":{"line":63,"column":8}},{"start":{"line":63,"column":8},"end":{"line":63,"column":8}}]}}},"contracts/interfaces/ILicenseValidator.sol":{"l":{},"path":"/Users/cody/Projects/GeoWeb/core-contracts/contracts/interfaces/ILicenseValidator.sol","s":{},"b":{},"f":{},"fnMap":{},"statementMap":{},"branchMap":{}},"contracts/mock/MockAccountant.sol":{"l":{"14":57,"15":57,"19":19},"path":"/Users/cody/Projects/GeoWeb/core-contracts/contracts/mock/MockAccountant.sol","s":{"1":57,"2":57,"3":19},"b":{},"f":{"1":57,"2":19},"fnMap":{"1":{"name":"constructor","line":10,"loc":{"start":{"line":10,"column":4},"end":{"line":16,"column":4}}},"2":{"name":"setContributionRate","line":18,"loc":{"start":{"line":18,"column":4},"end":{"line":20,"column":4}}}},"statementMap":{"1":{"start":{"line":14,"column":8},"end":{"line":14,"column":53}},"2":{"start":{"line":15,"column":8},"end":{"line":15,"column":57}},"3":{"start":{"line":19,"column":8},"end":{"line":19,"column":38}}},"branchMap":{}},"contracts/mock/MockCollector.sol":{"l":{"11":33,"12":33,"16":12,"20":12},"path":"/Users/cody/Projects/GeoWeb/core-contracts/contracts/mock/MockCollector.sol","s":{"1":33,"2":33,"3":12,"4":12},"b":{"1":[12,0]},"f":{"1":33,"2":12},"fnMap":{"1":{"name":"constructor","line":10,"loc":{"start":{"line":10,"column":4},"end":{"line":13,"column":4}}},"2":{"name":"setContributionRate","line":15,"loc":{"start":{"line":15,"column":4},"end":{"line":21,"column":4}}}},"statementMap":{"1":{"start":{"line":11,"column":8},"end":{"line":11,"column":45}},"2":{"start":{"line":12,"column":8},"end":{"line":12,"column":31}},"3":{"start":{"line":16,"column":8},"end":{"line":16,"column":453}},"4":{"start":{"line":20,"column":8},"end":{"line":20,"column":76}}},"branchMap":{"1":{"line":16,"type":"if","locations":[{"start":{"line":16,"column":8},"end":{"line":16,"column":8}},{"start":{"line":16,"column":8},"end":{"line":16,"column":8}}]}}},"contracts/mock/MockERC721License.sol":{"l":{"12":0,"16":1,"20":19,"24":2,"32":0,"36":0,"45":1},"path":"/Users/cody/Projects/GeoWeb/core-contracts/contracts/mock/MockERC721License.sol","s":{"1":0,"2":1,"3":19,"4":2,"5":0,"6":0,"7":1},"b":{},"f":{"1":66,"2":0,"3":1,"4":19,"5":2,"6":0,"7":0,"8":1},"fnMap":{"1":{"name":"constructor","line":8,"loc":{"start":{"line":7,"column":4},"end":{"line":9,"column":5}}},"2":{"name":"baseURI","line":11,"loc":{"start":{"line":11,"column":4},"end":{"line":13,"column":4}}},"3":{"name":"exists","line":15,"loc":{"start":{"line":15,"column":4},"end":{"line":17,"column":4}}},"4":{"name":"mint","line":19,"loc":{"start":{"line":19,"column":4},"end":{"line":21,"column":4}}},"5":{"name":"safeMint","line":23,"loc":{"start":{"line":23,"column":4},"end":{"line":25,"column":4}}},"6":{"name":"safeMint","line":27,"loc":{"start":{"line":27,"column":4},"end":{"line":33,"column":4}}},"7":{"name":"burn","line":35,"loc":{"start":{"line":35,"column":4},"end":{"line":37,"column":4}}},"8":{"name":"isApprovedForAll","line":39,"loc":{"start":{"line":39,"column":4},"end":{"line":46,"column":4}}}},"statementMap":{"1":{"start":{"line":12,"column":8},"end":{"line":12,"column":25}},"2":{"start":{"line":16,"column":8},"end":{"line":16,"column":31}},"3":{"start":{"line":20,"column":8},"end":{"line":20,"column":25}},"4":{"start":{"line":24,"column":8},"end":{"line":24,"column":29}},"5":{"start":{"line":32,"column":8},"end":{"line":32,"column":36}},"6":{"start":{"line":36,"column":8},"end":{"line":36,"column":21}},"7":{"start":{"line":45,"column":8},"end":{"line":45,"column":19}}},"branchMap":{}},"contracts/mock/MockLicenseValidator.sol":{"l":{"11":6,"12":6,"16":2,"25":1},"path":"/Users/cody/Projects/GeoWeb/core-contracts/contracts/mock/MockLicenseValidator.sol","s":{"1":6,"2":6,"3":2,"4":1},"b":{},"f":{"1":6,"2":2,"3":1},"fnMap":{"1":{"name":"constructor","line":10,"loc":{"start":{"line":10,"column":4},"end":{"line":13,"column":4}}},"2":{"name":"isValid","line":15,"loc":{"start":{"line":15,"column":4},"end":{"line":17,"column":4}}},"3":{"name":"invalidStartDate","line":19,"loc":{"start":{"line":19,"column":4},"end":{"line":26,"column":4}}}},"statementMap":{"1":{"start":{"line":11,"column":8},"end":{"line":11,"column":33}},"2":{"start":{"line":12,"column":8},"end":{"line":12,"column":43}},"3":{"start":{"line":16,"column":8},"end":{"line":16,"column":32}},"4":{"start":{"line":25,"column":8},"end":{"line":25,"column":31}}},"branchMap":{}},"contracts/mock/MockParcel.sol":{"l":{"11":3,"12":3},"path":"/Users/cody/Projects/GeoWeb/core-contracts/contracts/mock/MockParcel.sol","s":{"1":3,"2":3},"b":{},"f":{"1":3},"fnMap":{"1":{"name":"build","line":7,"loc":{"start":{"line":7,"column":4},"end":{"line":13,"column":4}}}},"statementMap":{"1":{"start":{"line":11,"column":8},"end":{"line":11,"column":27}},"2":{"start":{"line":12,"column":8},"end":{"line":12,"column":26}}},"branchMap":{}},"contracts/SimpleETHClaimer.sol":{"l":{"35":21,"36":21,"38":21,"40":21,"41":21,"42":21,"54":1,"66":1,"78":1,"90":1,"107":3,"110":3,"115":3,"119":3,"124":2,"127":2,"135":1,"143":1},"path":"/Users/cody/Projects/GeoWeb/core-contracts/contracts/SimpleETHClaimer.sol","s":{"1":21,"2":21,"3":21,"4":21,"5":21,"6":21,"7":1,"8":1,"9":1,"10":1,"11":3,"12":3,"13":3,"14":3,"15":2,"16":2,"17":1,"18":1},"b":{"1":[2,1]},"f":{"1":21,"2":1,"3":1,"4":1,"5":1,"6":3,"7":1,"8":1},"fnMap":{"1":{"name":"constructor","line":29,"loc":{"start":{"line":29,"column":4},"end":{"line":43,"column":4}}},"2":{"name":"setMinClaimExpiration","line":52,"loc":{"start":{"line":50,"column":4},"end":{"line":55,"column":4}}},"3":{"name":"setLicense","line":64,"loc":{"start":{"line":62,"column":4},"end":{"line":67,"column":4}}},"4":{"name":"setCollector","line":76,"loc":{"start":{"line":74,"column":4},"end":{"line":79,"column":4}}},"5":{"name":"setParcel","line":88,"loc":{"start":{"line":86,"column":4},"end":{"line":91,"column":4}}},"6":{"name":"claim","line":105,"loc":{"start":{"line":100,"column":4},"end":{"line":128,"column":4}}},"7":{"name":"pause","line":134,"loc":{"start":{"line":134,"column":4},"end":{"line":136,"column":4}}},"8":{"name":"unpause","line":142,"loc":{"start":{"line":142,"column":4},"end":{"line":144,"column":4}}}},"statementMap":{"1":{"start":{"line":35,"column":8},"end":{"line":35,"column":49}},"2":{"start":{"line":36,"column":8},"end":{"line":36,"column":41}},"3":{"start":{"line":38,"column":8},"end":{"line":38,"column":47}},"4":{"start":{"line":40,"column":8},"end":{"line":40,"column":46}},"5":{"start":{"line":41,"column":8},"end":{"line":41,"column":41}},"6":{"start":{"line":42,"column":8},"end":{"line":42,"column":59}},"7":{"start":{"line":54,"column":8},"end":{"line":54,"column":47}},"8":{"start":{"line":66,"column":8},"end":{"line":66,"column":46}},"9":{"start":{"line":78,"column":8},"end":{"line":78,"column":59}},"10":{"start":{"line":90,"column":8},"end":{"line":90,"column":41}},"11":{"start":{"line":107,"column":8},"end":{"line":107,"column":61}},"12":{"start":{"line":110,"column":8},"end":{"line":110,"column":3417}},"13":{"start":{"line":115,"column":8},"end":{"line":115,"column":3545}},"14":{"start":{"line":119,"column":8},"end":{"line":119,"column":3654}},"15":{"start":{"line":124,"column":8},"end":{"line":124,"column":40}},"16":{"start":{"line":127,"column":8},"end":{"line":127,"column":37}},"17":{"start":{"line":135,"column":8},"end":{"line":135,"column":15}},"18":{"start":{"line":143,"column":8},"end":{"line":143,"column":17}}},"branchMap":{"1":{"line":119,"type":"if","locations":[{"start":{"line":119,"column":8},"end":{"line":119,"column":8}},{"start":{"line":119,"column":8},"end":{"line":119,"column":8}}]}}}}