{
"contracts/Accountant.sol":{"l":{"27":15,"40":1,"41":1,"53":3,"66":1,"68":1,"77":2,"86":1},"path":"/Users/cody/Projects/GeoWeb/core-contracts/contracts/Accountant.sol","s":{"1":15,"2":1,"3":1,"4":3,"5":1,"6":1,"7":2,"8":1},"b":{},"f":{"1":15,"2":1,"3":3,"4":1,"5":2,"6":1},"fnMap":{"1":{"name":"constructor","line":26,"loc":{"start":{"line":26,"column":4},"end":{"line":28,"column":4}}},"2":{"name":"setPerSecondFee","line":39,"loc":{"start":{"line":36,"column":4},"end":{"line":42,"column":4}}},"3":{"name":"setValidator","line":51,"loc":{"start":{"line":49,"column":4},"end":{"line":54,"column":4}}},"4":{"name":"setContributionRate","line":64,"loc":{"start":{"line":62,"column":4},"end":{"line":69,"column":4}}},"5":{"name":"isValid","line":76,"loc":{"start":{"line":76,"column":4},"end":{"line":78,"column":4}}},"6":{"name":"invalidStartDate","line":85,"loc":{"start":{"line":85,"column":4},"end":{"line":87,"column":4}}}},"statementMap":{"1":{"start":{"line":27,"column":8},"end":{"line":27,"column":49}},"2":{"start":{"line":40,"column":8},"end":{"line":40,"column":53}},"3":{"start":{"line":41,"column":8},"end":{"line":41,"column":57}},"4":{"start":{"line":53,"column":8},"end":{"line":53,"column":48}},"5":{"start":{"line":66,"column":8},"end":{"line":66,"column":38}},"6":{"start":{"line":68,"column":8},"end":{"line":68,"column":49}},"7":{"start":{"line":77,"column":8},"end":{"line":77,"column":36}},"8":{"start":{"line":86,"column":8},"end":{"line":86,"column":45}}},"branchMap":{}},
"contracts/ERC721License.sol":{"l":{"15":18,"16":18,"24":1,"32":1,"42":6,"49":1,"61":3,"72":11,"83":0},"path":"/Users/cody/Projects/GeoWeb/core-contracts/contracts/ERC721License.sol","s":{"1":18,"2":18,"3":1,"4":1,"5":6,"6":1,"7":3,"8":11,"9":0},"b":{},"f":{"1":18,"2":1,"3":1,"4":6,"5":1,"6":3,"7":11,"8":0},"fnMap":{"1":{"name":"constructor","line":14,"loc":{"start":{"line":14,"column":4},"end":{"line":17,"column":4}}},"2":{"name":"pause","line":23,"loc":{"start":{"line":23,"column":4},"end":{"line":25,"column":4}}},"3":{"name":"unpause","line":31,"loc":{"start":{"line":31,"column":4},"end":{"line":33,"column":4}}},"4":{"name":"safeMint","line":40,"loc":{"start":{"line":38,"column":4},"end":{"line":43,"column":4}}},"5":{"name":"burn","line":48,"loc":{"start":{"line":48,"column":4},"end":{"line":50,"column":4}}},"6":{"name":"isApprovedForAll","line":55,"loc":{"start":{"line":55,"column":4},"end":{"line":64,"column":4}}},"7":{"name":"_beforeTokenTransfer","line":71,"loc":{"start":{"line":67,"column":4},"end":{"line":73,"column":4}}},"8":{"name":"supportsInterface","line":77,"loc":{"start":{"line":77,"column":4},"end":{"line":84,"column":4}}}},"statementMap":{"1":{"start":{"line":15,"column":8},"end":{"line":15,"column":49}},"2":{"start":{"line":16,"column":8},"end":{"line":16,"column":41}},"3":{"start":{"line":24,"column":8},"end":{"line":24,"column":15}},"4":{"start":{"line":32,"column":8},"end":{"line":32,"column":17}},"5":{"start":{"line":42,"column":8},"end":{"line":42,"column":29}},"6":{"start":{"line":49,"column":8},"end":{"line":49,"column":21}},"7":{"start":{"line":61,"column":8},"end":{"line":61,"column":1797}},"8":{"start":{"line":72,"column":8},"end":{"line":72,"column":52}},"9":{"start":{"line":83,"column":8},"end":{"line":83,"column":51}}},"branchMap":{}},
"contracts/ETHExpirationCollector.sol":{"l":{"48":51,"49":51,"61":1,"73":18,"85":18,"97":12,"109":18,"121":12,"129":1,"137":1,"145":2,"148":2,"151":2,"153":2,"167":15,"172":12,"178":12,"181":11,"190":0,"204":1,"218":14,"219":14,"222":14,"223":14,"224":4,"226":10,"230":14,"234":14,"238":14,"240":14,"243":14,"245":14,"251":13,"252":5,"255":13,"257":13},"path":"/Users/cody/Projects/GeoWeb/core-contracts/contracts/ETHExpirationCollector.sol","s":{"1":51,"2":51,"3":1,"4":18,"5":18,"6":12,"7":18,"8":12,"9":1,"10":1,"11":2,"12":2,"13":2,"14":2,"15":15,"16":12,"17":12,"18":11,"19":0,"20":1,"21":14,"22":14,"23":14,"24":14,"25":4,"26":10,"27":14,"28":14,"29":14,"30":14,"31":14,"32":14,"33":13,"34":5,"35":13,"36":13},"b":{"1":[12,3],"2":[12,0],"3":[4,10],"4":[14,0],"5":[13,1],"6":[5,8]},"f":{"1":51,"2":1,"3":18,"4":18,"5":12,"6":18,"7":12,"8":1,"9":1,"10":2,"11":15,"12":0,"13":1,"14":14},"fnMap":{"1":{"name":"constructor","line":47,"loc":{"start":{"line":47,"column":4},"end":{"line":50,"column":4}}},"2":{"name":"setMinContributionRate","line":59,"loc":{"start":{"line":57,"column":4},"end":{"line":62,"column":4}}},"3":{"name":"setMinExpiration","line":71,"loc":{"start":{"line":69,"column":4},"end":{"line":74,"column":4}}},"4":{"name":"setMaxExpiration","line":83,"loc":{"start":{"line":81,"column":4},"end":{"line":86,"column":4}}},"5":{"name":"setLicense","line":95,"loc":{"start":{"line":93,"column":4},"end":{"line":98,"column":4}}},"6":{"name":"setReceiver","line":107,"loc":{"start":{"line":105,"column":4},"end":{"line":110,"column":4}}},"7":{"name":"setAccountant","line":119,"loc":{"start":{"line":117,"column":4},"end":{"line":122,"column":4}}},"8":{"name":"pause","line":128,"loc":{"start":{"line":128,"column":4},"end":{"line":130,"column":4}}},"9":{"name":"unpause","line":136,"loc":{"start":{"line":136,"column":4},"end":{"line":138,"column":4}}},"10":{"name":"makePayment","line":144,"loc":{"start":{"line":144,"column":4},"end":{"line":154,"column":4}}},"11":{"name":"setContributionRate","line":165,"loc":{"start":{"line":162,"column":4},"end":{"line":182,"column":4}}},"12":{"name":"isValid","line":189,"loc":{"start":{"line":189,"column":4},"end":{"line":191,"column":4}}},"13":{"name":"invalidStartDate","line":198,"loc":{"start":{"line":198,"column":4},"end":{"line":205,"column":4}}},"14":{"name":"_updateExpiration","line":213,"loc":{"start":{"line":213,"column":4},"end":{"line":258,"column":4}}}},"statementMap":{"1":{"start":{"line":48,"column":8},"end":{"line":48,"column":49}},"2":{"start":{"line":49,"column":8},"end":{"line":49,"column":41}},"3":{"start":{"line":61,"column":8},"end":{"line":61,"column":49}},"4":{"start":{"line":73,"column":8},"end":{"line":73,"column":37}},"5":{"start":{"line":85,"column":8},"end":{"line":85,"column":37}},"6":{"start":{"line":97,"column":8},"end":{"line":97,"column":40}},"7":{"start":{"line":109,"column":8},"end":{"line":109,"column":27}},"8":{"start":{"line":121,"column":8},"end":{"line":121,"column":49}},"9":{"start":{"line":129,"column":8},"end":{"line":129,"column":15}},"10":{"start":{"line":137,"column":8},"end":{"line":137,"column":17}},"11":{"start":{"line":145,"column":8},"end":{"line":145,"column":74}},"12":{"start":{"line":148,"column":8},"end":{"line":148,"column":64}},"13":{"start":{"line":151,"column":8},"end":{"line":151,"column":42}},"14":{"start":{"line":153,"column":8},"end":{"line":153,"column":39}},"15":{"start":{"line":167,"column":8},"end":{"line":167,"column":5177}},"16":{"start":{"line":172,"column":8},"end":{"line":172,"column":5363}},"17":{"start":{"line":178,"column":8},"end":{"line":178,"column":60}},"18":{"start":{"line":181,"column":8},"end":{"line":181,"column":62}},"19":{"start":{"line":190,"column":8},"end":{"line":190,"column":64}},"20":{"start":{"line":204,"column":8},"end":{"line":204,"column":46}},"21":{"start":{"line":218,"column":8},"end":{"line":218,"column":76}},"22":{"start":{"line":219,"column":8},"end":{"line":219,"column":74}},"23":{"start":{"line":222,"column":8},"end":{"line":222,"column":35}},"24":{"start":{"line":223,"column":8},"end":{"line":223,"column":6998}},"25":{"start":{"line":224,"column":12},"end":{"line":224,"column":77}},"26":{"start":{"line":226,"column":12},"end":{"line":226,"column":34}},"27":{"start":{"line":230,"column":8},"end":{"line":230,"column":7280}},"28":{"start":{"line":234,"column":8},"end":{"line":234,"column":7428}},"29":{"start":{"line":238,"column":8},"end":{"line":238,"column":75}},"30":{"start":{"line":240,"column":8},"end":{"line":240,"column":77}},"31":{"start":{"line":243,"column":8},"end":{"line":243,"column":73}},"32":{"start":{"line":245,"column":8},"end":{"line":245,"column":7815}},"33":{"start":{"line":251,"column":8},"end":{"line":251,"column":8014}},"34":{"start":{"line":252,"column":12},"end":{"line":252,"column":67}},"35":{"start":{"line":255,"column":8},"end":{"line":255,"column":63}},"36":{"start":{"line":257,"column":8},"end":{"line":257,"column":65}}},"branchMap":{"1":{"line":167,"type":"if","locations":[{"start":{"line":167,"column":8},"end":{"line":167,"column":8}},{"start":{"line":167,"column":8},"end":{"line":167,"column":8}}]},"2":{"line":172,"type":"if","locations":[{"start":{"line":172,"column":8},"end":{"line":172,"column":8}},{"start":{"line":172,"column":8},"end":{"line":172,"column":8}}]},"3":{"line":223,"type":"if","locations":[{"start":{"line":223,"column":8},"end":{"line":223,"column":8}},{"start":{"line":223,"column":8},"end":{"line":223,"column":8}}]},"4":{"line":240,"type":"if","locations":[{"start":{"line":240,"column":8},"end":{"line":240,"column":8}},{"start":{"line":240,"column":8},"end":{"line":240,"column":8}}]},"5":{"line":245,"type":"if","locations":[{"start":{"line":245,"column":8},"end":{"line":245,"column":8}},{"start":{"line":245,"column":8},"end":{"line":245,"column":8}}]},"6":{"line":251,"type":"if","locations":[{"start":{"line":251,"column":8},"end":{"line":251,"column":8}},{"start":{"line":251,"column":8},"end":{"line":251,"column":8}}]}}},
"contracts/ETHPurchaser.sol":{"l":{"35":36,"36":36,"48":9,"60":9,"72":9,"83":13,"91":1,"99":1,"108":8,"111":8,"115":8,"117":8,"119":4,"120":4,"122":4,"127":2,"129":2,"130":2,"133":2,"150":3,"151":3,"155":2,"161":1,"162":1,"165":1,"166":1,"172":1,"174":1},"path":"/Users/cody/Projects/GeoWeb/core-contracts/contracts/ETHPurchaser.sol","s":{"1":36,"2":36,"3":9,"4":9,"5":9,"6":13,"7":1,"8":1,"9":8,"10":8,"11":8,"12":8,"13":4,"14":4,"15":4,"16":4,"17":2,"18":2,"19":2,"20":2,"21":3,"22":3,"23":2,"24":1,"25":1,"26":1,"27":1,"28":1,"29":1},"b":{"1":[4,4],"2":[2,2],"3":[2,1],"4":[1,1]},"f":{"1":36,"2":9,"3":9,"4":9,"5":13,"6":1,"7":1,"8":8,"9":3},"fnMap":{"1":{"name":"constructor","line":34,"loc":{"start":{"line":34,"column":4},"end":{"line":37,"column":4}}},"2":{"name":"setLicense","line":46,"loc":{"start":{"line":44,"column":4},"end":{"line":49,"column":4}}},"3":{"name":"setCollector","line":58,"loc":{"start":{"line":56,"column":4},"end":{"line":61,"column":4}}},"4":{"name":"setAccountant","line":70,"loc":{"start":{"line":68,"column":4},"end":{"line":73,"column":4}}},"5":{"name":"setDutchAuctionLengthInSeconds","line":82,"loc":{"start":{"line":80,"column":4},"end":{"line":84,"column":4}}},"6":{"name":"pause","line":90,"loc":{"start":{"line":90,"column":4},"end":{"line":92,"column":4}}},"7":{"name":"unpause","line":98,"loc":{"start":{"line":98,"column":4},"end":{"line":100,"column":4}}},"8":{"name":"calculatePurchasePrice","line":107,"loc":{"start":{"line":107,"column":4},"end":{"line":135,"column":4}}},"9":{"name":"purchase","line":149,"loc":{"start":{"line":144,"column":4},"end":{"line":175,"column":4}}}},"statementMap":{"1":{"start":{"line":35,"column":8},"end":{"line":35,"column":49}},"2":{"start":{"line":36,"column":8},"end":{"line":36,"column":41}},"3":{"start":{"line":48,"column":8},"end":{"line":48,"column":46}},"4":{"start":{"line":60,"column":8},"end":{"line":60,"column":59}},"5":{"start":{"line":72,"column":8},"end":{"line":72,"column":49}},"6":{"start":{"line":83,"column":8},"end":{"line":83,"column":65}},"7":{"start":{"line":91,"column":8},"end":{"line":91,"column":15}},"8":{"start":{"line":99,"column":8},"end":{"line":99,"column":17}},"9":{"start":{"line":108,"column":8},"end":{"line":108,"column":67}},"10":{"start":{"line":111,"column":8},"end":{"line":111,"column":3411}},"11":{"start":{"line":115,"column":8},"end":{"line":115,"column":79}},"12":{"start":{"line":117,"column":8},"end":{"line":117,"column":3600}},"13":{"start":{"line":119,"column":12},"end":{"line":119,"column":79}},"14":{"start":{"line":120,"column":12},"end":{"line":120,"column":71}},"15":{"start":{"line":122,"column":12},"end":{"line":122,"column":37}},"16":{"start":{"line":123,"column":15},"end":{"line":123,"column":3903}},"17":{"start":{"line":127,"column":12},"end":{"line":127,"column":20}},"18":{"start":{"line":129,"column":12},"end":{"line":129,"column":71}},"19":{"start":{"line":130,"column":12},"end":{"line":130,"column":4174}},"20":{"start":{"line":133,"column":12},"end":{"line":133,"column":47}},"21":{"start":{"line":150,"column":8},"end":{"line":150,"column":58}},"22":{"start":{"line":151,"column":8},"end":{"line":151,"column":4865}},"23":{"start":{"line":155,"column":8},"end":{"line":155,"column":5035}},"24":{"start":{"line":161,"column":8},"end":{"line":161,"column":50}},"25":{"start":{"line":162,"column":8},"end":{"line":162,"column":50}},"26":{"start":{"line":165,"column":8},"end":{"line":165,"column":60}},"27":{"start":{"line":166,"column":8},"end":{"line":166,"column":5434}},"28":{"start":{"line":172,"column":8},"end":{"line":172,"column":50}},"29":{"start":{"line":174,"column":8},"end":{"line":174,"column":53}}},"branchMap":{"1":{"line":117,"type":"if","locations":[{"start":{"line":117,"column":8},"end":{"line":117,"column":8}},{"start":{"line":117,"column":8},"end":{"line":117,"column":8}}]},"2":{"line":123,"type":"if","locations":[{"start":{"line":123,"column":15},"end":{"line":123,"column":15}},{"start":{"line":123,"column":15},"end":{"line":123,"column":15}}]},"3":{"line":151,"type":"if","locations":[{"start":{"line":151,"column":8},"end":{"line":151,"column":8}},{"start":{"line":151,"column":8},"end":{"line":151,"column":8}}]},"4":{"line":155,"type":"if","locations":[{"start":{"line":155,"column":8},"end":{"line":155,"column":8}},{"start":{"line":155,"column":8},"end":{"line":155,"column":8}}]}}},
"contracts/GeoWebCoordinate.sol":{"l":{"30":11,"49":436,"50":436,"52":436,"53":436,"54":436,"56":436,"58":21,"59":21,"61":20,"62":1,"63":1,"65":19,"69":7,"70":5,"72":5,"73":1,"74":1,"76":4,"80":12,"82":1,"83":1,"84":1,"86":11,"87":11,"88":7,"89":7,"91":4,"96":396,"98":4,"99":4,"100":4,"102":392,"103":392,"104":25,"105":25,"107":367,"112":433,"117":471,"118":471,"123":471,"124":471,"137":2,"149":35,"150":35,"152":35,"153":35,"155":35,"156":35,"158":35,"181":1,"193":459,"194":459,"195":459,"196":33,"198":426,"200":426,"201":426},"path":"/Users/cody/Projects/GeoWeb/core-contracts/contracts/GeoWebCoordinate.sol","s":{"1":11,"2":436,"3":436,"4":436,"5":436,"6":436,"7":436,"8":21,"9":21,"10":20,"11":1,"12":1,"13":19,"14":415,"15":7,"16":5,"17":5,"18":1,"19":1,"20":4,"21":408,"22":12,"23":1,"24":1,"25":1,"26":11,"27":11,"28":7,"29":7,"30":4,"31":396,"32":396,"33":4,"34":4,"35":4,"36":392,"37":392,"38":25,"39":25,"40":367,"41":433,"42":471,"43":471,"44":471,"45":471,"46":2,"47":35,"48":35,"49":35,"50":35,"51":35,"52":35,"53":35,"54":1,"55":459,"56":459,"57":459,"58":33,"59":426,"60":426,"61":426},"b":{"1":[21,415],"2":[20,1],"3":[1,19],"4":[7,408],"5":[5,2],"6":[1,4],"7":[12,396],"8":[1,11],"9":[7,4],"10":[396,0],"11":[4,392],"12":[25,367],"13":[471,0],"14":[471,0],"15":[33,426]},"f":{"1":11,"2":436,"3":471,"4":471,"5":2,"6":35,"7":1,"8":459},"fnMap":{"1":{"name":"traverse","line":14,"loc":{"start":{"line":14,"column":4},"end":{"line":31,"column":4}}},"2":{"name":"_traverse","line":33,"loc":{"start":{"line":33,"column":4},"end":{"line":113,"column":4}}},"3":{"name":"_getX","line":116,"loc":{"start":{"line":116,"column":4},"end":{"line":119,"column":4}}},"4":{"name":"_getY","line":122,"loc":{"start":{"line":122,"column":4},"end":{"line":125,"column":4}}},"5":{"name":"toWordIndex","line":128,"loc":{"start":{"line":128,"column":4},"end":{"line":138,"column":4}}},"6":{"name":"_toWordIndex","line":140,"loc":{"start":{"line":140,"column":4},"end":{"line":159,"column":4}}},"7":{"name":"nextDirection","line":172,"loc":{"start":{"line":172,"column":4},"end":{"line":182,"column":4}}},"8":{"name":"_nextDirection","line":184,"loc":{"start":{"line":184,"column":4},"end":{"line":202,"column":4}}}},"statementMap":{"1":{"start":{"line":30,"column":8},"end":{"line":30,"column":59}},"2":{"start":{"line":49,"column":8},"end":{"line":49,"column":39}},"3":{"start":{"line":50,"column":8},"end":{"line":50,"column":39}},"4":{"start":{"line":52,"column":8},"end":{"line":52,"column":17}},"5":{"start":{"line":53,"column":8},"end":{"line":53,"column":17}},"6":{"start":{"line":54,"column":8},"end":{"line":54,"column":13}},"7":{"start":{"line":56,"column":8},"end":{"line":56,"column":1463}},"8":{"start":{"line":58,"column":12},"end":{"line":58,"column":24}},"9":{"start":{"line":59,"column":12},"end":{"line":59,"column":70}},"10":{"start":{"line":61,"column":12},"end":{"line":61,"column":1623}},"11":{"start":{"line":62,"column":16},"end":{"line":62,"column":23}},"12":{"start":{"line":63,"column":16},"end":{"line":63,"column":23}},"13":{"start":{"line":65,"column":16},"end":{"line":65,"column":22}},"14":{"start":{"line":67,"column":15},"end":{"line":67,"column":1772}},"15":{"start":{"line":69,"column":12},"end":{"line":69,"column":65}},"16":{"start":{"line":70,"column":12},"end":{"line":70,"column":24}},"17":{"start":{"line":72,"column":12},"end":{"line":72,"column":1927}},"18":{"start":{"line":73,"column":16},"end":{"line":73,"column":23}},"19":{"start":{"line":74,"column":16},"end":{"line":74,"column":23}},"20":{"start":{"line":76,"column":16},"end":{"line":76,"column":22}},"21":{"start":{"line":78,"column":15},"end":{"line":78,"column":2077}},"22":{"start":{"line":80,"column":12},"end":{"line":80,"column":2135}},"23":{"start":{"line":82,"column":16},"end":{"line":82,"column":27}},"24":{"start":{"line":83,"column":16},"end":{"line":83,"column":22}},"25":{"start":{"line":84,"column":16},"end":{"line":84,"column":22}},"26":{"start":{"line":86,"column":16},"end":{"line":86,"column":28}},"27":{"start":{"line":87,"column":16},"end":{"line":87,"column":2344}},"28":{"start":{"line":88,"column":20},"end":{"line":88,"column":27}},"29":{"start":{"line":89,"column":20},"end":{"line":89,"column":26}},"30":{"start":{"line":91,"column":20},"end":{"line":91,"column":25}},"31":{"start":{"line":94,"column":15},"end":{"line":94,"column":2521}},"32":{"start":{"line":96,"column":12},"end":{"line":96,"column":2579}},"33":{"start":{"line":98,"column":16},"end":{"line":98,"column":31}},"34":{"start":{"line":99,"column":16},"end":{"line":99,"column":31}},"35":{"start":{"line":100,"column":16},"end":{"line":100,"column":22}},"36":{"start":{"line":102,"column":16},"end":{"line":102,"column":28}},"37":{"start":{"line":103,"column":16},"end":{"line":103,"column":2797}},"38":{"start":{"line":104,"column":20},"end":{"line":104,"column":27}},"39":{"start":{"line":105,"column":20},"end":{"line":105,"column":26}},"40":{"start":{"line":107,"column":20},"end":{"line":107,"column":25}},"41":{"start":{"line":112,"column":8},"end":{"line":112,"column":50}},"42":{"start":{"line":117,"column":8},"end":{"line":117,"column":30}},"43":{"start":{"line":118,"column":8},"end":{"line":118,"column":65}},"44":{"start":{"line":123,"column":8},"end":{"line":123,"column":40}},"45":{"start":{"line":124,"column":8},"end":{"line":124,"column":65}},"46":{"start":{"line":137,"column":8},"end":{"line":137,"column":34}},"47":{"start":{"line":149,"column":8},"end":{"line":149,"column":47}},"48":{"start":{"line":150,"column":8},"end":{"line":150,"column":47}},"49":{"start":{"line":152,"column":8},"end":{"line":152,"column":25}},"50":{"start":{"line":153,"column":8},"end":{"line":153,"column":25}},"51":{"start":{"line":155,"column":8},"end":{"line":155,"column":34}},"52":{"start":{"line":156,"column":8},"end":{"line":156,"column":34}},"53":{"start":{"line":158,"column":8},"end":{"line":158,"column":25}},"54":{"start":{"line":181,"column":8},"end":{"line":181,"column":35}},"55":{"start":{"line":193,"column":8},"end":{"line":193,"column":44}},"56":{"start":{"line":194,"column":8},"end":{"line":194,"column":29}},"57":{"start":{"line":195,"column":8},"end":{"line":195,"column":5341}},"58":{"start":{"line":196,"column":12},"end":{"line":196,"column":34}},"59":{"start":{"line":198,"column":8},"end":{"line":198,"column":48}},"60":{"start":{"line":200,"column":8},"end":{"line":200,"column":46}},"61":{"start":{"line":201,"column":8},"end":{"line":201,"column":60}}},"branchMap":{"1":{"line":56,"type":"if","locations":[{"start":{"line":56,"column":8},"end":{"line":56,"column":8}},{"start":{"line":56,"column":8},"end":{"line":56,"column":8}}]},"2":{"line":59,"type":"if","locations":[{"start":{"line":59,"column":12},"end":{"line":59,"column":12}},{"start":{"line":59,"column":12},"end":{"line":59,"column":12}}]},"3":{"line":61,"type":"if","locations":[{"start":{"line":61,"column":12},"end":{"line":61,"column":12}},{"start":{"line":61,"column":12},"end":{"line":61,"column":12}}]},"4":{"line":67,"type":"if","locations":[{"start":{"line":67,"column":15},"end":{"line":67,"column":15}},{"start":{"line":67,"column":15},"end":{"line":67,"column":15}}]},"5":{"line":69,"type":"if","locations":[{"start":{"line":69,"column":12},"end":{"line":69,"column":12}},{"start":{"line":69,"column":12},"end":{"line":69,"column":12}}]},"6":{"line":72,"type":"if","locations":[{"start":{"line":72,"column":12},"end":{"line":72,"column":12}},{"start":{"line":72,"column":12},"end":{"line":72,"column":12}}]},"7":{"line":78,"type":"if","locations":[{"start":{"line":78,"column":15},"end":{"line":78,"column":15}},{"start":{"line":78,"column":15},"end":{"line":78,"column":15}}]},"8":{"line":80,"type":"if","locations":[{"start":{"line":80,"column":12},"end":{"line":80,"column":12}},{"start":{"line":80,"column":12},"end":{"line":80,"column":12}}]},"9":{"line":87,"type":"if","locations":[{"start":{"line":87,"column":16},"end":{"line":87,"column":16}},{"start":{"line":87,"column":16},"end":{"line":87,"column":16}}]},"10":{"line":94,"type":"if","locations":[{"start":{"line":94,"column":15},"end":{"line":94,"column":15}},{"start":{"line":94,"column":15},"end":{"line":94,"column":15}}]},"11":{"line":96,"type":"if","locations":[{"start":{"line":96,"column":12},"end":{"line":96,"column":12}},{"start":{"line":96,"column":12},"end":{"line":96,"column":12}}]},"12":{"line":103,"type":"if","locations":[{"start":{"line":103,"column":16},"end":{"line":103,"column":16}},{"start":{"line":103,"column":16},"end":{"line":103,"column":16}}]},"13":{"line":118,"type":"if","locations":[{"start":{"line":118,"column":8},"end":{"line":118,"column":8}},{"start":{"line":118,"column":8},"end":{"line":118,"column":8}}]},"14":{"line":124,"type":"if","locations":[{"start":{"line":124,"column":8},"end":{"line":124,"column":8}},{"start":{"line":124,"column":8},"end":{"line":124,"column":8}}]},"15":{"line":195,"type":"if","locations":[{"start":{"line":195,"column":8},"end":{"line":195,"column":8}},{"start":{"line":195,"column":8},"end":{"line":195,"column":8}}]}}},
"contracts/GeoWebParcel.sol":{"l":{"50":42,"52":42,"66":15,"69":14,"72":11,"74":11,"75":11,"76":11,"78":11,"80":11,"82":11,"91":8,"93":8,"95":8,"97":8,"109":15,"110":15,"119":33,"121":33,"122":33,"124":33,"125":33,"127":33,"180":30,"182":19},"path":"/Users/cody/Projects/GeoWeb/core-contracts/contracts/GeoWebParcel.sol","s":{"1":42,"2":42,"3":15,"4":14,"5":11,"6":11,"7":11,"8":11,"9":11,"10":11,"11":11,"12":8,"13":8,"14":8,"15":15,"16":15,"17":33,"18":33,"19":33,"20":33,"21":33,"22":30,"23":19},"b":{"1":[14,1],"2":[19,11]},"f":{"1":42,"2":15,"3":8,"4":15,"5":33},"fnMap":{"1":{"name":"constructor","line":49,"loc":{"start":{"line":49,"column":4},"end":{"line":53,"column":4}}},"2":{"name":"build","line":63,"loc":{"start":{"line":61,"column":4},"end":{"line":83,"column":4}}},"3":{"name":"destroy","line":90,"loc":{"start":{"line":90,"column":4},"end":{"line":98,"column":4}}},"4":{"name":"getLandParcel","line":104,"loc":{"start":{"line":104,"column":4},"end":{"line":111,"column":4}}},"5":{"name":"_updateAvailabilityIndex","line":114,"loc":{"start":{"line":114,"column":4},"end":{"line":184,"column":4}}}},"statementMap":{"1":{"start":{"line":50,"column":8},"end":{"line":50,"column":49}},"2":{"start":{"line":52,"column":8},"end":{"line":52,"column":16}},"3":{"start":{"line":66,"column":8},"end":{"line":66,"column":72}},"4":{"start":{"line":69,"column":8},"end":{"line":69,"column":67}},"5":{"start":{"line":72,"column":8},"end":{"line":72,"column":67}},"6":{"start":{"line":74,"column":8},"end":{"line":74,"column":49}},"7":{"start":{"line":75,"column":8},"end":{"line":75,"column":40}},"8":{"start":{"line":76,"column":8},"end":{"line":76,"column":20}},"9":{"start":{"line":78,"column":8},"end":{"line":78,"column":31}},"10":{"start":{"line":80,"column":8},"end":{"line":80,"column":26}},"11":{"start":{"line":82,"column":8},"end":{"line":82,"column":17}},"12":{"start":{"line":91,"column":8},"end":{"line":91,"column":46}},"13":{"start":{"line":93,"column":8},"end":{"line":93,"column":73}},"14":{"start":{"line":97,"column":8},"end":{"line":97,"column":32}},"15":{"start":{"line":109,"column":8},"end":{"line":109,"column":46}},"16":{"start":{"line":110,"column":8},"end":{"line":110,"column":41}},"17":{"start":{"line":119,"column":8},"end":{"line":119,"column":44}},"18":{"start":{"line":121,"column":8},"end":{"line":121,"column":23}},"19":{"start":{"line":122,"column":8},"end":{"line":122,"column":39}},"20":{"start":{"line":124,"column":8},"end":{"line":124,"column":75}},"21":{"start":{"line":125,"column":8},"end":{"line":125,"column":50}},"22":{"start":{"line":180,"column":8},"end":{"line":180,"column":5565}},"23":{"start":{"line":182,"column":12},"end":{"line":182,"column":45}}},"branchMap":{"1":{"line":66,"type":"if","locations":[{"start":{"line":66,"column":8},"end":{"line":66,"column":8}},{"start":{"line":66,"column":8},"end":{"line":66,"column":8}}]},"2":{"line":180,"type":"if","locations":[{"start":{"line":180,"column":8},"end":{"line":180,"column":8}},{"start":{"line":180,"column":8},"end":{"line":180,"column":8}}]}}},
"contracts/interfaces/ILicenseValidator.sol":{"l":{},"path":"/Users/cody/Projects/GeoWeb/core-contracts/contracts/interfaces/ILicenseValidator.sol","s":{},"b":{},"f":{},"fnMap":{},"statementMap":{},"branchMap":{}},
"contracts/mock/MockAccountant.sol":{"l":{"14":57,"15":57,"19":19},"path":"/Users/cody/Projects/GeoWeb/core-contracts/contracts/mock/MockAccountant.sol","s":{"1":57,"2":57,"3":19},"b":{},"f":{"1":57,"2":19},"fnMap":{"1":{"name":"constructor","line":10,"loc":{"start":{"line":10,"column":4},"end":{"line":16,"column":4}}},"2":{"name":"setContributionRate","line":18,"loc":{"start":{"line":18,"column":4},"end":{"line":20,"column":4}}}},"statementMap":{"1":{"start":{"line":14,"column":8},"end":{"line":14,"column":53}},"2":{"start":{"line":15,"column":8},"end":{"line":15,"column":57}},"3":{"start":{"line":19,"column":8},"end":{"line":19,"column":38}}},"branchMap":{}},
"contracts/mock/MockCollector.sol":{"l":{"11":33,"12":33,"16":12,"20":12},"path":"/Users/cody/Projects/GeoWeb/core-contracts/contracts/mock/MockCollector.sol","s":{"1":33,"2":33,"3":12,"4":12},"b":{"1":[12,0]},"f":{"1":33,"2":12},"fnMap":{"1":{"name":"constructor","line":10,"loc":{"start":{"line":10,"column":4},"end":{"line":13,"column":4}}},"2":{"name":"setContributionRate","line":15,"loc":{"start":{"line":15,"column":4},"end":{"line":21,"column":4}}}},"statementMap":{"1":{"start":{"line":11,"column":8},"end":{"line":11,"column":45}},"2":{"start":{"line":12,"column":8},"end":{"line":12,"column":31}},"3":{"start":{"line":16,"column":8},"end":{"line":16,"column":453}},"4":{"start":{"line":20,"column":8},"end":{"line":20,"column":76}}},"branchMap":{"1":{"line":16,"type":"if","locations":[{"start":{"line":16,"column":8},"end":{"line":16,"column":8}},{"start":{"line":16,"column":8},"end":{"line":16,"column":8}}]}}},
"contracts/mock/MockERC721License.sol":{"l":{"12":0,"16":1,"20":19,"24":2,"32":0,"36":0,"45":1},"path":"/Users/cody/Projects/GeoWeb/core-contracts/contracts/mock/MockERC721License.sol","s":{"1":0,"2":1,"3":19,"4":2,"5":0,"6":0,"7":1},"b":{},"f":{"1":66,"2":0,"3":1,"4":19,"5":2,"6":0,"7":0,"8":1},"fnMap":{"1":{"name":"constructor","line":8,"loc":{"start":{"line":7,"column":4},"end":{"line":9,"column":5}}},"2":{"name":"baseURI","line":11,"loc":{"start":{"line":11,"column":4},"end":{"line":13,"column":4}}},"3":{"name":"exists","line":15,"loc":{"start":{"line":15,"column":4},"end":{"line":17,"column":4}}},"4":{"name":"mint","line":19,"loc":{"start":{"line":19,"column":4},"end":{"line":21,"column":4}}},"5":{"name":"safeMint","line":23,"loc":{"start":{"line":23,"column":4},"end":{"line":25,"column":4}}},"6":{"name":"safeMint","line":27,"loc":{"start":{"line":27,"column":4},"end":{"line":33,"column":4}}},"7":{"name":"burn","line":35,"loc":{"start":{"line":35,"column":4},"end":{"line":37,"column":4}}},"8":{"name":"isApprovedForAll","line":39,"loc":{"start":{"line":39,"column":4},"end":{"line":46,"column":4}}}},"statementMap":{"1":{"start":{"line":12,"column":8},"end":{"line":12,"column":25}},"2":{"start":{"line":16,"column":8},"end":{"line":16,"column":31}},"3":{"start":{"line":20,"column":8},"end":{"line":20,"column":25}},"4":{"start":{"line":24,"column":8},"end":{"line":24,"column":29}},"5":{"start":{"line":32,"column":8},"end":{"line":32,"column":36}},"6":{"start":{"line":36,"column":8},"end":{"line":36,"column":21}},"7":{"start":{"line":45,"column":8},"end":{"line":45,"column":19}}},"branchMap":{}},
"contracts/mock/MockLicenseValidator.sol":{"l":{"11":6,"12":6,"16":2,"25":1},"path":"/Users/cody/Projects/GeoWeb/core-contracts/contracts/mock/MockLicenseValidator.sol","s":{"1":6,"2":6,"3":2,"4":1},"b":{},"f":{"1":6,"2":2,"3":1},"fnMap":{"1":{"name":"constructor","line":10,"loc":{"start":{"line":10,"column":4},"end":{"line":13,"column":4}}},"2":{"name":"isValid","line":15,"loc":{"start":{"line":15,"column":4},"end":{"line":17,"column":4}}},"3":{"name":"invalidStartDate","line":19,"loc":{"start":{"line":19,"column":4},"end":{"line":26,"column":4}}}},"statementMap":{"1":{"start":{"line":11,"column":8},"end":{"line":11,"column":33}},"2":{"start":{"line":12,"column":8},"end":{"line":12,"column":43}},"3":{"start":{"line":16,"column":8},"end":{"line":16,"column":32}},"4":{"start":{"line":25,"column":8},"end":{"line":25,"column":31}}},"branchMap":{}},
"contracts/mock/MockParcel.sol":{"l":{"11":3,"12":3},"path":"/Users/cody/Projects/GeoWeb/core-contracts/contracts/mock/MockParcel.sol","s":{"1":3,"2":3},"b":{},"f":{"1":3},"fnMap":{"1":{"name":"build","line":7,"loc":{"start":{"line":7,"column":4},"end":{"line":13,"column":4}}}},"statementMap":{"1":{"start":{"line":11,"column":8},"end":{"line":11,"column":27}},"2":{"start":{"line":12,"column":8},"end":{"line":12,"column":26}}},"branchMap":{}},
"contracts/SimpleETHClaimer.sol":{"l":{"30":21,"31":21,"43":8,"55":4,"67":4,"79":4,"96":3,"99":3,"104":3,"108":3,"113":2,"116":2,"124":1,"132":1},"path":"/Users/cody/Projects/GeoWeb/core-contracts/contracts/SimpleETHClaimer.sol","s":{"1":21,"2":21,"3":8,"4":4,"5":4,"6":4,"7":3,"8":3,"9":3,"10":3,"11":2,"12":2,"13":1,"14":1},"b":{"1":[2,1]},"f":{"1":21,"2":8,"3":4,"4":4,"5":4,"6":3,"7":1,"8":1},"fnMap":{"1":{"name":"constructor","line":29,"loc":{"start":{"line":29,"column":4},"end":{"line":32,"column":4}}},"2":{"name":"setMinClaimExpiration","line":41,"loc":{"start":{"line":39,"column":4},"end":{"line":44,"column":4}}},"3":{"name":"setLicense","line":53,"loc":{"start":{"line":51,"column":4},"end":{"line":56,"column":4}}},"4":{"name":"setCollector","line":65,"loc":{"start":{"line":63,"column":4},"end":{"line":68,"column":4}}},"5":{"name":"setParcel","line":77,"loc":{"start":{"line":75,"column":4},"end":{"line":80,"column":4}}},"6":{"name":"claim","line":94,"loc":{"start":{"line":89,"column":4},"end":{"line":117,"column":4}}},"7":{"name":"pause","line":123,"loc":{"start":{"line":123,"column":4},"end":{"line":125,"column":4}}},"8":{"name":"unpause","line":131,"loc":{"start":{"line":131,"column":4},"end":{"line":133,"column":4}}}},"statementMap":{"1":{"start":{"line":30,"column":8},"end":{"line":30,"column":49}},"2":{"start":{"line":31,"column":8},"end":{"line":31,"column":41}},"3":{"start":{"line":43,"column":8},"end":{"line":43,"column":47}},"4":{"start":{"line":55,"column":8},"end":{"line":55,"column":46}},"5":{"start":{"line":67,"column":8},"end":{"line":67,"column":59}},"6":{"start":{"line":79,"column":8},"end":{"line":79,"column":43}},"7":{"start":{"line":96,"column":8},"end":{"line":96,"column":61}},"8":{"start":{"line":99,"column":8},"end":{"line":99,"column":3073}},"9":{"start":{"line":104,"column":8},"end":{"line":104,"column":3201}},"10":{"start":{"line":108,"column":8},"end":{"line":108,"column":3310}},"11":{"start":{"line":113,"column":8},"end":{"line":113,"column":40}},"12":{"start":{"line":116,"column":8},"end":{"line":116,"column":37}},"13":{"start":{"line":124,"column":8},"end":{"line":124,"column":15}},"14":{"start":{"line":132,"column":8},"end":{"line":132,"column":17}}},"branchMap":{"1":{"line":108,"type":"if","locations":[{"start":{"line":108,"column":8},"end":{"line":108,"column":8}},{"start":{"line":108,"column":8},"end":{"line":108,"column":8}}]}}}}
