{
"contracts/Accountant.sol":{"l":{"27":12,"40":1,"41":1,"53":2,"66":1,"68":1,"77":2},"path":"/Users/cody/Projects/GeoWeb/core-contracts/contracts/Accountant.sol","s":{"1":12,"2":1,"3":1,"4":2,"5":1,"6":1,"7":2},"b":{},"f":{"1":12,"2":1,"3":2,"4":1,"5":2},"fnMap":{"1":{"name":"constructor","line":26,"loc":{"start":{"line":26,"column":4},"end":{"line":28,"column":4}}},"2":{"name":"setPerSecondFee","line":39,"loc":{"start":{"line":36,"column":4},"end":{"line":42,"column":4}}},"3":{"name":"setValidator","line":51,"loc":{"start":{"line":49,"column":4},"end":{"line":54,"column":4}}},"4":{"name":"setContributionRate","line":64,"loc":{"start":{"line":62,"column":4},"end":{"line":69,"column":4}}},"5":{"name":"isValid","line":76,"loc":{"start":{"line":76,"column":4},"end":{"line":78,"column":4}}}},"statementMap":{"1":{"start":{"line":27,"column":8},"end":{"line":27,"column":49}},"2":{"start":{"line":40,"column":8},"end":{"line":40,"column":53}},"3":{"start":{"line":41,"column":8},"end":{"line":41,"column":57}},"4":{"start":{"line":53,"column":8},"end":{"line":53,"column":48}},"5":{"start":{"line":66,"column":8},"end":{"line":66,"column":38}},"6":{"start":{"line":68,"column":8},"end":{"line":68,"column":49}},"7":{"start":{"line":77,"column":8},"end":{"line":77,"column":36}}},"branchMap":{}},
"contracts/CollectorSuperApp.sol":{"l":{"32":9,"33":9,"34":9,"38":9,"39":9,"41":9,"42":9,"43":9,"44":9,"46":9,"51":9,"53":9,"54":9,"63":0,"69":0,"80":0,"85":0,"93":0,"98":0,"106":0,"111":0,"114":0,"117":0,"125":0,"130":0,"133":0,"136":0,"148":1,"154":1,"156":0,"169":0,"182":1,"190":0,"198":0,"202":0,"208":0,"209":0,"221":0,"236":0,"242":0,"243":0,"255":0,"270":0,"275":0,"276":0,"288":0,"303":0,"309":0,"310":0,"322":0,"343":30,"344":30,"345":30,"347":30,"352":30,"353":30,"366":0,"400":30,"424":0,"442":15,"443":0,"445":15,"446":15,"449":15,"463":15,"469":15,"471":0,"485":0,"499":15,"503":45,"507":45,"515":45,"519":45,"523":30,"527":30,"531":30},"path":"/Users/cody/Projects/GeoWeb/core-contracts/contracts/CollectorSuperApp.sol","s":{"1":9,"2":9,"3":9,"4":9,"5":9,"6":9,"7":9,"8":9,"9":9,"10":9,"11":9,"12":9,"13":9,"14":0,"15":0,"16":0,"17":0,"18":0,"19":0,"20":0,"21":0,"22":0,"23":0,"24":0,"25":0,"26":0,"27":0,"28":1,"29":1,"30":0,"31":0,"32":1,"33":0,"34":0,"35":0,"36":0,"37":0,"38":0,"39":0,"40":0,"41":0,"42":0,"43":0,"44":0,"45":0,"46":0,"47":0,"48":0,"49":0,"50":0,"51":0,"52":0,"53":30,"54":30,"55":30,"56":30,"57":30,"58":30,"59":0,"60":0,"61":30,"62":0,"63":15,"64":0,"65":15,"66":15,"67":15,"68":15,"69":15,"70":0,"71":15,"72":0,"73":15,"74":45,"75":45,"76":45,"77":30,"78":30},"b":{"1":[9,0],"2":[9,0],"3":[9,0],"4":[9,0],"5":[9,0],"6":[0,0],"7":[0,0],"8":[0,0],"9":[0,0],"10":[0,1],"11":[0,0],"12":[0,0],"13":[0,0],"14":[0,0],"15":[0,0],"16":[0,0],"17":[30,0],"18":[30,0],"19":[0,0],"20":[0,15],"21":[0,15],"22":[0,15],"23":[45,0],"24":[30,0],"25":[30,0]},"f":{"1":9,"2":0,"3":0,"4":0,"5":0,"6":0,"7":1,"8":0,"9":0,"10":0,"11":0,"12":0,"13":0,"14":30,"15":30,"16":0,"17":15,"18":45,"19":45,"20":45,"21":30},"fnMap":{"1":{"name":"constructor","line":26,"loc":{"start":{"line":26,"column":4},"end":{"line":55,"column":4}}},"2":{"name":"calculateAvailableContribution","line":58,"loc":{"start":{"line":58,"column":4},"end":{"line":73,"column":4}}},"3":{"name":"lockContributionRate","line":78,"loc":{"start":{"line":76,"column":4},"end":{"line":86,"column":4}}},"4":{"name":"unlockContributionRate","line":91,"loc":{"start":{"line":89,"column":4},"end":{"line":99,"column":4}}},"5":{"name":"increaseContributionRate","line":104,"loc":{"start":{"line":102,"column":4},"end":{"line":118,"column":4}}},"6":{"name":"decreaseContributionRate","line":123,"loc":{"start":{"line":121,"column":4},"end":{"line":137,"column":4}}},"7":{"name":"setReceiver","line":146,"loc":{"start":{"line":144,"column":4},"end":{"line":183,"column":4}}},"8":{"name":"pause","line":189,"loc":{"start":{"line":189,"column":4},"end":{"line":191,"column":4}}},"9":{"name":"unpause","line":197,"loc":{"start":{"line":197,"column":4},"end":{"line":199,"column":4}}},"10":{"name":"_increaseAppToReceiverFlow","line":201,"loc":{"start":{"line":201,"column":4},"end":{"line":233,"column":4}}},"11":{"name":"_decreaseAppToReceiverFlow","line":235,"loc":{"start":{"line":235,"column":4},"end":{"line":267,"column":4}}},"12":{"name":"_increaseAppToUserFlow","line":269,"loc":{"start":{"line":269,"column":4},"end":{"line":300,"column":4}}},"13":{"name":"_decreaseAppToUserFlow","line":302,"loc":{"start":{"line":302,"column":4},"end":{"line":334,"column":4}}},"14":{"name":"_updateBackflow","line":337,"loc":{"start":{"line":337,"column":4},"end":{"line":379,"column":4}}},"15":{"name":"afterAgreementCreated","line":397,"loc":{"start":{"line":385,"column":4},"end":{"line":407,"column":4}}},"16":{"name":"afterAgreementUpdated","line":421,"loc":{"start":{"line":409,"column":4},"end":{"line":431,"column":4}}},"17":{"name":"afterAgreementTerminated","line":440,"loc":{"start":{"line":433,"column":4},"end":{"line":500,"column":4}}},"18":{"name":"_isSameToken","line":502,"loc":{"start":{"line":502,"column":4},"end":{"line":504,"column":4}}},"19":{"name":"_isCFAv1","line":506,"loc":{"start":{"line":506,"column":4},"end":{"line":512,"column":4}}},"20":{"name":"onlyHost","line":514,"loc":{"start":{"line":514,"column":4},"end":{"line":520,"column":4}}},"21":{"name":"onlyExpected","line":522,"loc":{"start":{"line":522,"column":4},"end":{"line":532,"column":4}}}},"statementMap":{"1":{"start":{"line":32,"column":8},"end":{"line":32,"column":68}},"2":{"start":{"line":33,"column":8},"end":{"line":33,"column":66}},"3":{"start":{"line":34,"column":8},"end":{"line":34,"column":1708}},"4":{"start":{"line":38,"column":8},"end":{"line":38,"column":76}},"5":{"start":{"line":39,"column":8},"end":{"line":39,"column":72}},"6":{"start":{"line":41,"column":8},"end":{"line":41,"column":19}},"7":{"start":{"line":42,"column":8},"end":{"line":42,"column":17}},"8":{"start":{"line":43,"column":8},"end":{"line":43,"column":37}},"9":{"start":{"line":44,"column":8},"end":{"line":44,"column":27}},"10":{"start":{"line":46,"column":8},"end":{"line":46,"column":2155}},"11":{"start":{"line":51,"column":8},"end":{"line":51,"column":35}},"12":{"start":{"line":53,"column":8},"end":{"line":53,"column":49}},"13":{"start":{"line":54,"column":8},"end":{"line":54,"column":41}},"14":{"start":{"line":63,"column":8},"end":{"line":63,"column":2682}},"15":{"start":{"line":69,"column":8},"end":{"line":69,"column":2842}},"16":{"start":{"line":80,"column":8},"end":{"line":80,"column":3154}},"17":{"start":{"line":85,"column":8},"end":{"line":85,"column":45}},"18":{"start":{"line":93,"column":8},"end":{"line":93,"column":3565}},"19":{"start":{"line":98,"column":8},"end":{"line":98,"column":45}},"20":{"start":{"line":106,"column":8},"end":{"line":106,"column":3958}},"21":{"start":{"line":111,"column":8},"end":{"line":111,"column":44}},"22":{"start":{"line":114,"column":8},"end":{"line":114,"column":43}},"23":{"start":{"line":117,"column":8},"end":{"line":117,"column":41}},"24":{"start":{"line":125,"column":8},"end":{"line":125,"column":4530}},"25":{"start":{"line":130,"column":8},"end":{"line":130,"column":44}},"26":{"start":{"line":133,"column":8},"end":{"line":133,"column":43}},"27":{"start":{"line":136,"column":8},"end":{"line":136,"column":41}},"28":{"start":{"line":148,"column":8},"end":{"line":148,"column":5179}},"29":{"start":{"line":154,"column":8},"end":{"line":154,"column":5311}},"30":{"start":{"line":156,"column":12},"end":{"line":156,"column":5390}},"31":{"start":{"line":169,"column":12},"end":{"line":169,"column":5756}},"32":{"start":{"line":182,"column":8},"end":{"line":182,"column":27}},"33":{"start":{"line":190,"column":8},"end":{"line":190,"column":15}},"34":{"start":{"line":198,"column":8},"end":{"line":198,"column":17}},"35":{"start":{"line":202,"column":8},"end":{"line":202,"column":6569}},"36":{"start":{"line":208,"column":8},"end":{"line":208,"column":6701}},"37":{"start":{"line":209,"column":12},"end":{"line":209,"column":6737}},"38":{"start":{"line":221,"column":12},"end":{"line":221,"column":7084}},"39":{"start":{"line":236,"column":8},"end":{"line":236,"column":7477}},"40":{"start":{"line":242,"column":8},"end":{"line":242,"column":7609}},"41":{"start":{"line":243,"column":12},"end":{"line":243,"column":7650}},"42":{"start":{"line":254,"column":15},"end":{"line":254,"column":7979}},"43":{"start":{"line":255,"column":12},"end":{"line":255,"column":8015}},"44":{"start":{"line":270,"column":8},"end":{"line":270,"column":8425}},"45":{"start":{"line":275,"column":8},"end":{"line":275,"column":8552}},"46":{"start":{"line":276,"column":12},"end":{"line":276,"column":8588}},"47":{"start":{"line":288,"column":12},"end":{"line":288,"column":8931}},"48":{"start":{"line":303,"column":8},"end":{"line":303,"column":9330}},"49":{"start":{"line":309,"column":8},"end":{"line":309,"column":9458}},"50":{"start":{"line":310,"column":12},"end":{"line":310,"column":9499}},"51":{"start":{"line":321,"column":15},"end":{"line":321,"column":9824}},"52":{"start":{"line":322,"column":12},"end":{"line":322,"column":9860}},"53":{"start":{"line":343,"column":8},"end":{"line":343,"column":19}},"54":{"start":{"line":344,"column":8},"end":{"line":344,"column":73}},"55":{"start":{"line":345,"column":8},"end":{"line":345,"column":76}},"56":{"start":{"line":347,"column":8},"end":{"line":347,"column":10601}},"57":{"start":{"line":352,"column":8},"end":{"line":352,"column":10769}},"58":{"start":{"line":353,"column":12},"end":{"line":353,"column":10831}},"59":{"start":{"line":365,"column":15},"end":{"line":365,"column":11210}},"60":{"start":{"line":366,"column":12},"end":{"line":366,"column":11246}},"61":{"start":{"line":400,"column":8},"end":{"line":400,"column":12226}},"62":{"start":{"line":424,"column":8},"end":{"line":424,"column":12824}},"63":{"start":{"line":442,"column":8},"end":{"line":442,"column":13421}},"64":{"start":{"line":443,"column":12},"end":{"line":443,"column":23}},"65":{"start":{"line":445,"column":8},"end":{"line":445,"column":20}},"66":{"start":{"line":446,"column":8},"end":{"line":446,"column":73}},"67":{"start":{"line":449,"column":8},"end":{"line":449,"column":13637}},"68":{"start":{"line":463,"column":8},"end":{"line":463,"column":14003}},"69":{"start":{"line":469,"column":8},"end":{"line":469,"column":14135}},"70":{"start":{"line":471,"column":12},"end":{"line":471,"column":14226}},"71":{"start":{"line":483,"column":15},"end":{"line":483,"column":14624}},"72":{"start":{"line":485,"column":12},"end":{"line":485,"column":14700}},"73":{"start":{"line":499,"column":8},"end":{"line":499,"column":38}},"74":{"start":{"line":503,"column":8},"end":{"line":503,"column":60}},"75":{"start":{"line":507,"column":8},"end":{"line":507,"column":15355}},"76":{"start":{"line":515,"column":8},"end":{"line":515,"column":15576}},"77":{"start":{"line":523,"column":8},"end":{"line":523,"column":15794}},"78":{"start":{"line":527,"column":8},"end":{"line":527,"column":15912}}},"branchMap":{"1":{"line":32,"type":"if","locations":[{"start":{"line":32,"column":8},"end":{"line":32,"column":8}},{"start":{"line":32,"column":8},"end":{"line":32,"column":8}}]},"2":{"line":33,"type":"if","locations":[{"start":{"line":33,"column":8},"end":{"line":33,"column":8}},{"start":{"line":33,"column":8},"end":{"line":33,"column":8}}]},"3":{"line":34,"type":"if","locations":[{"start":{"line":34,"column":8},"end":{"line":34,"column":8}},{"start":{"line":34,"column":8},"end":{"line":34,"column":8}}]},"4":{"line":38,"type":"if","locations":[{"start":{"line":38,"column":8},"end":{"line":38,"column":8}},{"start":{"line":38,"column":8},"end":{"line":38,"column":8}}]},"5":{"line":39,"type":"if","locations":[{"start":{"line":39,"column":8},"end":{"line":39,"column":8}},{"start":{"line":39,"column":8},"end":{"line":39,"column":8}}]},"6":{"line":80,"type":"if","locations":[{"start":{"line":80,"column":8},"end":{"line":80,"column":8}},{"start":{"line":80,"column":8},"end":{"line":80,"column":8}}]},"7":{"line":93,"type":"if","locations":[{"start":{"line":93,"column":8},"end":{"line":93,"column":8}},{"start":{"line":93,"column":8},"end":{"line":93,"column":8}}]},"8":{"line":106,"type":"if","locations":[{"start":{"line":106,"column":8},"end":{"line":106,"column":8}},{"start":{"line":106,"column":8},"end":{"line":106,"column":8}}]},"9":{"line":125,"type":"if","locations":[{"start":{"line":125,"column":8},"end":{"line":125,"column":8}},{"start":{"line":125,"column":8},"end":{"line":125,"column":8}}]},"10":{"line":154,"type":"if","locations":[{"start":{"line":154,"column":8},"end":{"line":154,"column":8}},{"start":{"line":154,"column":8},"end":{"line":154,"column":8}}]},"11":{"line":208,"type":"if","locations":[{"start":{"line":208,"column":8},"end":{"line":208,"column":8}},{"start":{"line":208,"column":8},"end":{"line":208,"column":8}}]},"12":{"line":242,"type":"if","locations":[{"start":{"line":242,"column":8},"end":{"line":242,"column":8}},{"start":{"line":242,"column":8},"end":{"line":242,"column":8}}]},"13":{"line":254,"type":"if","locations":[{"start":{"line":254,"column":15},"end":{"line":254,"column":15}},{"start":{"line":254,"column":15},"end":{"line":254,"column":15}}]},"14":{"line":275,"type":"if","locations":[{"start":{"line":275,"column":8},"end":{"line":275,"column":8}},{"start":{"line":275,"column":8},"end":{"line":275,"column":8}}]},"15":{"line":309,"type":"if","locations":[{"start":{"line":309,"column":8},"end":{"line":309,"column":8}},{"start":{"line":309,"column":8},"end":{"line":309,"column":8}}]},"16":{"line":321,"type":"if","locations":[{"start":{"line":321,"column":15},"end":{"line":321,"column":15}},{"start":{"line":321,"column":15},"end":{"line":321,"column":15}}]},"17":{"line":347,"type":"if","locations":[{"start":{"line":347,"column":8},"end":{"line":347,"column":8}},{"start":{"line":347,"column":8},"end":{"line":347,"column":8}}]},"18":{"line":352,"type":"if","locations":[{"start":{"line":352,"column":8},"end":{"line":352,"column":8}},{"start":{"line":352,"column":8},"end":{"line":352,"column":8}}]},"19":{"line":365,"type":"if","locations":[{"start":{"line":365,"column":15},"end":{"line":365,"column":15}},{"start":{"line":365,"column":15},"end":{"line":365,"column":15}}]},"20":{"line":442,"type":"if","locations":[{"start":{"line":442,"column":8},"end":{"line":442,"column":8}},{"start":{"line":442,"column":8},"end":{"line":442,"column":8}}]},"21":{"line":469,"type":"if","locations":[{"start":{"line":469,"column":8},"end":{"line":469,"column":8}},{"start":{"line":469,"column":8},"end":{"line":469,"column":8}}]},"22":{"line":483,"type":"if","locations":[{"start":{"line":483,"column":15},"end":{"line":483,"column":15}},{"start":{"line":483,"column":15},"end":{"line":483,"column":15}}]},"23":{"line":515,"type":"if","locations":[{"start":{"line":515,"column":8},"end":{"line":515,"column":8}},{"start":{"line":515,"column":8},"end":{"line":515,"column":8}}]},"24":{"line":523,"type":"if","locations":[{"start":{"line":523,"column":8},"end":{"line":523,"column":8}},{"start":{"line":523,"column":8},"end":{"line":523,"column":8}}]},"25":{"line":527,"type":"if","locations":[{"start":{"line":527,"column":8},"end":{"line":527,"column":8}},{"start":{"line":527,"column":8},"end":{"line":527,"column":8}}]}}},
"contracts/ERC721License.sol":{"l":{"15":18,"16":18,"24":1,"32":1,"42":6,"49":1,"61":3,"72":11,"82":0},"path":"/Users/cody/Projects/GeoWeb/core-contracts/contracts/ERC721License.sol","s":{"1":18,"2":18,"3":1,"4":1,"5":6,"6":1,"7":3,"8":11,"9":0},"b":{},"f":{"1":18,"2":1,"3":1,"4":6,"5":1,"6":3,"7":11,"8":0},"fnMap":{"1":{"name":"constructor","line":14,"loc":{"start":{"line":14,"column":4},"end":{"line":17,"column":4}}},"2":{"name":"pause","line":23,"loc":{"start":{"line":23,"column":4},"end":{"line":25,"column":4}}},"3":{"name":"unpause","line":31,"loc":{"start":{"line":31,"column":4},"end":{"line":33,"column":4}}},"4":{"name":"safeMint","line":40,"loc":{"start":{"line":38,"column":4},"end":{"line":43,"column":4}}},"5":{"name":"burn","line":48,"loc":{"start":{"line":48,"column":4},"end":{"line":50,"column":4}}},"6":{"name":"isApprovedForAll","line":55,"loc":{"start":{"line":55,"column":4},"end":{"line":64,"column":4}}},"7":{"name":"_beforeTokenTransfer","line":71,"loc":{"start":{"line":67,"column":4},"end":{"line":73,"column":4}}},"8":{"name":"supportsInterface","line":76,"loc":{"start":{"line":76,"column":4},"end":{"line":83,"column":4}}}},"statementMap":{"1":{"start":{"line":15,"column":8},"end":{"line":15,"column":49}},"2":{"start":{"line":16,"column":8},"end":{"line":16,"column":41}},"3":{"start":{"line":24,"column":8},"end":{"line":24,"column":15}},"4":{"start":{"line":32,"column":8},"end":{"line":32,"column":17}},"5":{"start":{"line":42,"column":8},"end":{"line":42,"column":29}},"6":{"start":{"line":49,"column":8},"end":{"line":49,"column":21}},"7":{"start":{"line":61,"column":8},"end":{"line":61,"column":1797}},"8":{"start":{"line":72,"column":8},"end":{"line":72,"column":52}},"9":{"start":{"line":82,"column":8},"end":{"line":82,"column":51}}},"branchMap":{}},
"contracts/ETHExpirationCollector.sol":{"l":{"49":105,"50":105,"62":5,"74":36,"86":36,"98":30,"110":36,"122":30,"130":1,"138":1,"146":2,"149":2,"152":2,"154":2,"168":51,"175":46,"181":45,"184":44,"198":6,"203":5,"204":5,"212":5,"213":5,"216":5,"235":10,"239":9,"243":8,"248":7,"249":7,"252":6,"260":5,"268":5,"269":5,"278":0,"294":63,"297":63,"300":63,"305":63,"311":61,"312":9,"315":61,"317":61,"325":75,"326":75,"329":75,"330":75,"331":32,"333":43,"337":75,"345":63,"347":63,"350":63},"path":"/Users/cody/Projects/GeoWeb/core-contracts/contracts/ETHExpirationCollector.sol","s":{"1":105,"2":105,"3":5,"4":36,"5":36,"6":30,"7":36,"8":30,"9":1,"10":1,"11":2,"12":2,"13":2,"14":2,"15":51,"16":46,"17":45,"18":44,"19":6,"20":5,"21":5,"22":5,"23":5,"24":5,"25":10,"26":9,"27":8,"28":7,"29":7,"30":6,"31":5,"32":5,"33":5,"34":0,"35":63,"36":63,"37":63,"38":63,"39":61,"40":9,"41":61,"42":61,"43":75,"44":75,"45":75,"46":75,"47":32,"48":43,"49":75,"50":63,"51":63,"52":63},"b":{"1":[46,5],"2":[45,1],"3":[5,1],"4":[9,1],"5":[8,1],"6":[7,1],"7":[6,1],"8":[61,2],"9":[9,52],"10":[32,43],"11":[63,0]},"f":{"1":105,"2":5,"3":36,"4":36,"5":30,"6":36,"7":30,"8":1,"9":1,"10":2,"11":51,"12":6,"13":10,"14":0,"15":63,"16":75,"17":63},"fnMap":{"1":{"name":"constructor","line":48,"loc":{"start":{"line":48,"column":4},"end":{"line":51,"column":4}}},"2":{"name":"setMinContributionRate","line":60,"loc":{"start":{"line":58,"column":4},"end":{"line":63,"column":4}}},"3":{"name":"setMinExpiration","line":72,"loc":{"start":{"line":70,"column":4},"end":{"line":75,"column":4}}},"4":{"name":"setMaxExpiration","line":84,"loc":{"start":{"line":82,"column":4},"end":{"line":87,"column":4}}},"5":{"name":"setLicense","line":96,"loc":{"start":{"line":94,"column":4},"end":{"line":99,"column":4}}},"6":{"name":"setReceiver","line":108,"loc":{"start":{"line":106,"column":4},"end":{"line":111,"column":4}}},"7":{"name":"setAccountant","line":120,"loc":{"start":{"line":118,"column":4},"end":{"line":123,"column":4}}},"8":{"name":"pause","line":129,"loc":{"start":{"line":129,"column":4},"end":{"line":131,"column":4}}},"9":{"name":"unpause","line":137,"loc":{"start":{"line":137,"column":4},"end":{"line":139,"column":4}}},"10":{"name":"makePayment","line":145,"loc":{"start":{"line":145,"column":4},"end":{"line":155,"column":4}}},"11":{"name":"setContributionRate","line":166,"loc":{"start":{"line":163,"column":4},"end":{"line":185,"column":4}}},"12":{"name":"migrateFunds","line":197,"loc":{"start":{"line":193,"column":4},"end":{"line":217,"column":4}}},"13":{"name":"moveFunds","line":234,"loc":{"start":{"line":226,"column":4},"end":{"line":270,"column":4}}},"14":{"name":"isValid","line":277,"loc":{"start":{"line":277,"column":4},"end":{"line":279,"column":4}}},"15":{"name":"_updateExpiration","line":288,"loc":{"start":{"line":288,"column":4},"end":{"line":318,"column":4}}},"16":{"name":"_calculateNetworkFeeBalance","line":320,"loc":{"start":{"line":320,"column":4},"end":{"line":338,"column":4}}},"17":{"name":"_calculateNewExpiration","line":340,"loc":{"start":{"line":340,"column":4},"end":{"line":351,"column":4}}}},"statementMap":{"1":{"start":{"line":49,"column":8},"end":{"line":49,"column":49}},"2":{"start":{"line":50,"column":8},"end":{"line":50,"column":41}},"3":{"start":{"line":62,"column":8},"end":{"line":62,"column":49}},"4":{"start":{"line":74,"column":8},"end":{"line":74,"column":37}},"5":{"start":{"line":86,"column":8},"end":{"line":86,"column":37}},"6":{"start":{"line":98,"column":8},"end":{"line":98,"column":40}},"7":{"start":{"line":110,"column":8},"end":{"line":110,"column":27}},"8":{"start":{"line":122,"column":8},"end":{"line":122,"column":49}},"9":{"start":{"line":130,"column":8},"end":{"line":130,"column":15}},"10":{"start":{"line":138,"column":8},"end":{"line":138,"column":17}},"11":{"start":{"line":146,"column":8},"end":{"line":146,"column":74}},"12":{"start":{"line":149,"column":8},"end":{"line":149,"column":67}},"13":{"start":{"line":152,"column":8},"end":{"line":152,"column":42}},"14":{"start":{"line":154,"column":8},"end":{"line":154,"column":39}},"15":{"start":{"line":168,"column":8},"end":{"line":168,"column":5260}},"16":{"start":{"line":175,"column":8},"end":{"line":175,"column":5580}},"17":{"start":{"line":181,"column":8},"end":{"line":181,"column":63}},"18":{"start":{"line":184,"column":8},"end":{"line":184,"column":62}},"19":{"start":{"line":198,"column":8},"end":{"line":198,"column":6355}},"20":{"start":{"line":203,"column":8},"end":{"line":203,"column":75}},"21":{"start":{"line":204,"column":8},"end":{"line":204,"column":6577}},"22":{"start":{"line":212,"column":8},"end":{"line":212,"column":46}},"23":{"start":{"line":213,"column":8},"end":{"line":213,"column":48}},"24":{"start":{"line":216,"column":8},"end":{"line":216,"column":63}},"25":{"start":{"line":235,"column":8},"end":{"line":235,"column":7526}},"26":{"start":{"line":239,"column":8},"end":{"line":239,"column":7672}},"27":{"start":{"line":243,"column":8},"end":{"line":243,"column":7816}},"28":{"start":{"line":248,"column":8},"end":{"line":248,"column":75}},"29":{"start":{"line":249,"column":8},"end":{"line":249,"column":75}},"30":{"start":{"line":252,"column":8},"end":{"line":252,"column":8146}},"31":{"start":{"line":260,"column":8},"end":{"line":260,"column":8319}},"32":{"start":{"line":268,"column":8},"end":{"line":268,"column":67}},"33":{"start":{"line":269,"column":8},"end":{"line":269,"column":63}},"34":{"start":{"line":278,"column":8},"end":{"line":278,"column":64}},"35":{"start":{"line":294,"column":8},"end":{"line":294,"column":75}},"36":{"start":{"line":297,"column":8},"end":{"line":297,"column":9575}},"37":{"start":{"line":300,"column":8},"end":{"line":300,"column":9690}},"38":{"start":{"line":305,"column":8},"end":{"line":305,"column":9833}},"39":{"start":{"line":311,"column":8},"end":{"line":311,"column":10032}},"40":{"start":{"line":312,"column":12},"end":{"line":312,"column":67}},"41":{"start":{"line":315,"column":8},"end":{"line":315,"column":63}},"42":{"start":{"line":317,"column":8},"end":{"line":317,"column":65}},"43":{"start":{"line":325,"column":8},"end":{"line":325,"column":76}},"44":{"start":{"line":326,"column":8},"end":{"line":326,"column":74}},"45":{"start":{"line":329,"column":8},"end":{"line":329,"column":35}},"46":{"start":{"line":330,"column":8},"end":{"line":330,"column":10678}},"47":{"start":{"line":331,"column":12},"end":{"line":331,"column":77}},"48":{"start":{"line":333,"column":12},"end":{"line":333,"column":34}},"49":{"start":{"line":337,"column":8},"end":{"line":337,"column":60}},"50":{"start":{"line":345,"column":8},"end":{"line":345,"column":75}},"51":{"start":{"line":347,"column":8},"end":{"line":347,"column":77}},"52":{"start":{"line":350,"column":8},"end":{"line":350,"column":47}}},"branchMap":{"1":{"line":168,"type":"if","locations":[{"start":{"line":168,"column":8},"end":{"line":168,"column":8}},{"start":{"line":168,"column":8},"end":{"line":168,"column":8}}]},"2":{"line":175,"type":"if","locations":[{"start":{"line":175,"column":8},"end":{"line":175,"column":8}},{"start":{"line":175,"column":8},"end":{"line":175,"column":8}}]},"3":{"line":198,"type":"if","locations":[{"start":{"line":198,"column":8},"end":{"line":198,"column":8}},{"start":{"line":198,"column":8},"end":{"line":198,"column":8}}]},"4":{"line":235,"type":"if","locations":[{"start":{"line":235,"column":8},"end":{"line":235,"column":8}},{"start":{"line":235,"column":8},"end":{"line":235,"column":8}}]},"5":{"line":239,"type":"if","locations":[{"start":{"line":239,"column":8},"end":{"line":239,"column":8}},{"start":{"line":239,"column":8},"end":{"line":239,"column":8}}]},"6":{"line":243,"type":"if","locations":[{"start":{"line":243,"column":8},"end":{"line":243,"column":8}},{"start":{"line":243,"column":8},"end":{"line":243,"column":8}}]},"7":{"line":249,"type":"if","locations":[{"start":{"line":249,"column":8},"end":{"line":249,"column":8}},{"start":{"line":249,"column":8},"end":{"line":249,"column":8}}]},"8":{"line":305,"type":"if","locations":[{"start":{"line":305,"column":8},"end":{"line":305,"column":8}},{"start":{"line":305,"column":8},"end":{"line":305,"column":8}}]},"9":{"line":311,"type":"if","locations":[{"start":{"line":311,"column":8},"end":{"line":311,"column":8}},{"start":{"line":311,"column":8},"end":{"line":311,"column":8}}]},"10":{"line":330,"type":"if","locations":[{"start":{"line":330,"column":8},"end":{"line":330,"column":8}},{"start":{"line":330,"column":8},"end":{"line":330,"column":8}}]},"11":{"line":347,"type":"if","locations":[{"start":{"line":347,"column":8},"end":{"line":347,"column":8}},{"start":{"line":347,"column":8},"end":{"line":347,"column":8}}]}}},
"contracts/ETHPurchaser.sol":{"l":{"35":36,"36":36,"48":9,"60":9,"72":9,"83":13,"91":1,"99":1,"108":8,"111":8,"115":8,"117":8,"119":4,"120":4,"122":4,"127":2,"129":2,"130":2,"133":2,"150":3,"151":3,"155":2,"161":1,"162":1,"165":1,"166":1,"172":1,"174":1},"path":"/Users/cody/Projects/GeoWeb/core-contracts/contracts/ETHPurchaser.sol","s":{"1":36,"2":36,"3":9,"4":9,"5":9,"6":13,"7":1,"8":1,"9":8,"10":8,"11":8,"12":8,"13":4,"14":4,"15":4,"16":4,"17":2,"18":2,"19":2,"20":2,"21":3,"22":3,"23":2,"24":1,"25":1,"26":1,"27":1,"28":1,"29":1},"b":{"1":[4,4],"2":[2,2],"3":[2,1],"4":[1,1]},"f":{"1":36,"2":9,"3":9,"4":9,"5":13,"6":1,"7":1,"8":8,"9":3},"fnMap":{"1":{"name":"constructor","line":34,"loc":{"start":{"line":34,"column":4},"end":{"line":37,"column":4}}},"2":{"name":"setLicense","line":46,"loc":{"start":{"line":44,"column":4},"end":{"line":49,"column":4}}},"3":{"name":"setCollector","line":58,"loc":{"start":{"line":56,"column":4},"end":{"line":61,"column":4}}},"4":{"name":"setAccountant","line":70,"loc":{"start":{"line":68,"column":4},"end":{"line":73,"column":4}}},"5":{"name":"setDutchAuctionLengthInSeconds","line":82,"loc":{"start":{"line":80,"column":4},"end":{"line":84,"column":4}}},"6":{"name":"pause","line":90,"loc":{"start":{"line":90,"column":4},"end":{"line":92,"column":4}}},"7":{"name":"unpause","line":98,"loc":{"start":{"line":98,"column":4},"end":{"line":100,"column":4}}},"8":{"name":"calculatePurchasePrice","line":107,"loc":{"start":{"line":107,"column":4},"end":{"line":135,"column":4}}},"9":{"name":"purchase","line":149,"loc":{"start":{"line":144,"column":4},"end":{"line":175,"column":4}}}},"statementMap":{"1":{"start":{"line":35,"column":8},"end":{"line":35,"column":49}},"2":{"start":{"line":36,"column":8},"end":{"line":36,"column":41}},"3":{"start":{"line":48,"column":8},"end":{"line":48,"column":46}},"4":{"start":{"line":60,"column":8},"end":{"line":60,"column":59}},"5":{"start":{"line":72,"column":8},"end":{"line":72,"column":49}},"6":{"start":{"line":83,"column":8},"end":{"line":83,"column":65}},"7":{"start":{"line":91,"column":8},"end":{"line":91,"column":15}},"8":{"start":{"line":99,"column":8},"end":{"line":99,"column":17}},"9":{"start":{"line":108,"column":8},"end":{"line":108,"column":67}},"10":{"start":{"line":111,"column":8},"end":{"line":111,"column":3411}},"11":{"start":{"line":115,"column":8},"end":{"line":115,"column":79}},"12":{"start":{"line":117,"column":8},"end":{"line":117,"column":3600}},"13":{"start":{"line":119,"column":12},"end":{"line":119,"column":79}},"14":{"start":{"line":120,"column":12},"end":{"line":120,"column":71}},"15":{"start":{"line":122,"column":12},"end":{"line":122,"column":37}},"16":{"start":{"line":123,"column":15},"end":{"line":123,"column":3903}},"17":{"start":{"line":127,"column":12},"end":{"line":127,"column":20}},"18":{"start":{"line":129,"column":12},"end":{"line":129,"column":71}},"19":{"start":{"line":130,"column":12},"end":{"line":130,"column":4174}},"20":{"start":{"line":133,"column":12},"end":{"line":133,"column":47}},"21":{"start":{"line":150,"column":8},"end":{"line":150,"column":58}},"22":{"start":{"line":151,"column":8},"end":{"line":151,"column":4865}},"23":{"start":{"line":155,"column":8},"end":{"line":155,"column":5035}},"24":{"start":{"line":161,"column":8},"end":{"line":161,"column":50}},"25":{"start":{"line":162,"column":8},"end":{"line":162,"column":50}},"26":{"start":{"line":165,"column":8},"end":{"line":165,"column":60}},"27":{"start":{"line":166,"column":8},"end":{"line":166,"column":5434}},"28":{"start":{"line":172,"column":8},"end":{"line":172,"column":50}},"29":{"start":{"line":174,"column":8},"end":{"line":174,"column":53}}},"branchMap":{"1":{"line":117,"type":"if","locations":[{"start":{"line":117,"column":8},"end":{"line":117,"column":8}},{"start":{"line":117,"column":8},"end":{"line":117,"column":8}}]},"2":{"line":123,"type":"if","locations":[{"start":{"line":123,"column":15},"end":{"line":123,"column":15}},{"start":{"line":123,"column":15},"end":{"line":123,"column":15}}]},"3":{"line":151,"type":"if","locations":[{"start":{"line":151,"column":8},"end":{"line":151,"column":8}},{"start":{"line":151,"column":8},"end":{"line":151,"column":8}}]},"4":{"line":155,"type":"if","locations":[{"start":{"line":155,"column":8},"end":{"line":155,"column":8}},{"start":{"line":155,"column":8},"end":{"line":155,"column":8}}]}}},
"contracts/GeoWebCoordinate.sol":{"l":{"30":11,"49":436,"50":436,"52":436,"53":436,"54":436,"56":436,"58":21,"59":21,"61":20,"62":1,"63":1,"65":19,"69":7,"70":5,"72":5,"73":1,"74":1,"76":4,"80":12,"82":1,"83":1,"84":1,"86":11,"87":11,"88":7,"89":7,"91":4,"96":396,"98":4,"99":4,"100":4,"102":392,"103":392,"104":25,"105":25,"107":367,"112":433,"117":471,"118":471,"123":471,"124":471,"137":2,"149":35,"150":35,"152":35,"153":35,"155":35,"156":35,"158":35,"181":1,"193":459,"194":459,"195":459,"196":33,"198":426,"200":426,"201":426},"path":"/Users/cody/Projects/GeoWeb/core-contracts/contracts/GeoWebCoordinate.sol","s":{"1":11,"2":436,"3":436,"4":436,"5":436,"6":436,"7":436,"8":21,"9":21,"10":20,"11":1,"12":1,"13":19,"14":415,"15":7,"16":5,"17":5,"18":1,"19":1,"20":4,"21":408,"22":12,"23":1,"24":1,"25":1,"26":11,"27":11,"28":7,"29":7,"30":4,"31":396,"32":396,"33":4,"34":4,"35":4,"36":392,"37":392,"38":25,"39":25,"40":367,"41":433,"42":471,"43":471,"44":471,"45":471,"46":2,"47":35,"48":35,"49":35,"50":35,"51":35,"52":35,"53":35,"54":1,"55":459,"56":459,"57":459,"58":33,"59":426,"60":426,"61":426},"b":{"1":[21,415],"2":[20,1],"3":[1,19],"4":[7,408],"5":[5,2],"6":[1,4],"7":[12,396],"8":[1,11],"9":[7,4],"10":[396,0],"11":[4,392],"12":[25,367],"13":[471,0],"14":[471,0],"15":[33,426]},"f":{"1":11,"2":436,"3":471,"4":471,"5":2,"6":35,"7":1,"8":459},"fnMap":{"1":{"name":"traverse","line":14,"loc":{"start":{"line":14,"column":4},"end":{"line":31,"column":4}}},"2":{"name":"_traverse","line":33,"loc":{"start":{"line":33,"column":4},"end":{"line":113,"column":4}}},"3":{"name":"_getX","line":116,"loc":{"start":{"line":116,"column":4},"end":{"line":119,"column":4}}},"4":{"name":"_getY","line":122,"loc":{"start":{"line":122,"column":4},"end":{"line":125,"column":4}}},"5":{"name":"toWordIndex","line":128,"loc":{"start":{"line":128,"column":4},"end":{"line":138,"column":4}}},"6":{"name":"_toWordIndex","line":140,"loc":{"start":{"line":140,"column":4},"end":{"line":159,"column":4}}},"7":{"name":"nextDirection","line":172,"loc":{"start":{"line":172,"column":4},"end":{"line":182,"column":4}}},"8":{"name":"_nextDirection","line":184,"loc":{"start":{"line":184,"column":4},"end":{"line":202,"column":4}}}},"statementMap":{"1":{"start":{"line":30,"column":8},"end":{"line":30,"column":59}},"2":{"start":{"line":49,"column":8},"end":{"line":49,"column":39}},"3":{"start":{"line":50,"column":8},"end":{"line":50,"column":39}},"4":{"start":{"line":52,"column":8},"end":{"line":52,"column":17}},"5":{"start":{"line":53,"column":8},"end":{"line":53,"column":17}},"6":{"start":{"line":54,"column":8},"end":{"line":54,"column":13}},"7":{"start":{"line":56,"column":8},"end":{"line":56,"column":1463}},"8":{"start":{"line":58,"column":12},"end":{"line":58,"column":24}},"9":{"start":{"line":59,"column":12},"end":{"line":59,"column":70}},"10":{"start":{"line":61,"column":12},"end":{"line":61,"column":1623}},"11":{"start":{"line":62,"column":16},"end":{"line":62,"column":23}},"12":{"start":{"line":63,"column":16},"end":{"line":63,"column":23}},"13":{"start":{"line":65,"column":16},"end":{"line":65,"column":22}},"14":{"start":{"line":67,"column":15},"end":{"line":67,"column":1772}},"15":{"start":{"line":69,"column":12},"end":{"line":69,"column":65}},"16":{"start":{"line":70,"column":12},"end":{"line":70,"column":24}},"17":{"start":{"line":72,"column":12},"end":{"line":72,"column":1927}},"18":{"start":{"line":73,"column":16},"end":{"line":73,"column":23}},"19":{"start":{"line":74,"column":16},"end":{"line":74,"column":23}},"20":{"start":{"line":76,"column":16},"end":{"line":76,"column":22}},"21":{"start":{"line":78,"column":15},"end":{"line":78,"column":2077}},"22":{"start":{"line":80,"column":12},"end":{"line":80,"column":2135}},"23":{"start":{"line":82,"column":16},"end":{"line":82,"column":27}},"24":{"start":{"line":83,"column":16},"end":{"line":83,"column":22}},"25":{"start":{"line":84,"column":16},"end":{"line":84,"column":22}},"26":{"start":{"line":86,"column":16},"end":{"line":86,"column":28}},"27":{"start":{"line":87,"column":16},"end":{"line":87,"column":2344}},"28":{"start":{"line":88,"column":20},"end":{"line":88,"column":27}},"29":{"start":{"line":89,"column":20},"end":{"line":89,"column":26}},"30":{"start":{"line":91,"column":20},"end":{"line":91,"column":25}},"31":{"start":{"line":94,"column":15},"end":{"line":94,"column":2521}},"32":{"start":{"line":96,"column":12},"end":{"line":96,"column":2579}},"33":{"start":{"line":98,"column":16},"end":{"line":98,"column":31}},"34":{"start":{"line":99,"column":16},"end":{"line":99,"column":31}},"35":{"start":{"line":100,"column":16},"end":{"line":100,"column":22}},"36":{"start":{"line":102,"column":16},"end":{"line":102,"column":28}},"37":{"start":{"line":103,"column":16},"end":{"line":103,"column":2797}},"38":{"start":{"line":104,"column":20},"end":{"line":104,"column":27}},"39":{"start":{"line":105,"column":20},"end":{"line":105,"column":26}},"40":{"start":{"line":107,"column":20},"end":{"line":107,"column":25}},"41":{"start":{"line":112,"column":8},"end":{"line":112,"column":50}},"42":{"start":{"line":117,"column":8},"end":{"line":117,"column":30}},"43":{"start":{"line":118,"column":8},"end":{"line":118,"column":65}},"44":{"start":{"line":123,"column":8},"end":{"line":123,"column":40}},"45":{"start":{"line":124,"column":8},"end":{"line":124,"column":65}},"46":{"start":{"line":137,"column":8},"end":{"line":137,"column":34}},"47":{"start":{"line":149,"column":8},"end":{"line":149,"column":47}},"48":{"start":{"line":150,"column":8},"end":{"line":150,"column":47}},"49":{"start":{"line":152,"column":8},"end":{"line":152,"column":25}},"50":{"start":{"line":153,"column":8},"end":{"line":153,"column":25}},"51":{"start":{"line":155,"column":8},"end":{"line":155,"column":34}},"52":{"start":{"line":156,"column":8},"end":{"line":156,"column":34}},"53":{"start":{"line":158,"column":8},"end":{"line":158,"column":25}},"54":{"start":{"line":181,"column":8},"end":{"line":181,"column":35}},"55":{"start":{"line":193,"column":8},"end":{"line":193,"column":44}},"56":{"start":{"line":194,"column":8},"end":{"line":194,"column":29}},"57":{"start":{"line":195,"column":8},"end":{"line":195,"column":5341}},"58":{"start":{"line":196,"column":12},"end":{"line":196,"column":34}},"59":{"start":{"line":198,"column":8},"end":{"line":198,"column":48}},"60":{"start":{"line":200,"column":8},"end":{"line":200,"column":46}},"61":{"start":{"line":201,"column":8},"end":{"line":201,"column":60}}},"branchMap":{"1":{"line":56,"type":"if","locations":[{"start":{"line":56,"column":8},"end":{"line":56,"column":8}},{"start":{"line":56,"column":8},"end":{"line":56,"column":8}}]},"2":{"line":59,"type":"if","locations":[{"start":{"line":59,"column":12},"end":{"line":59,"column":12}},{"start":{"line":59,"column":12},"end":{"line":59,"column":12}}]},"3":{"line":61,"type":"if","locations":[{"start":{"line":61,"column":12},"end":{"line":61,"column":12}},{"start":{"line":61,"column":12},"end":{"line":61,"column":12}}]},"4":{"line":67,"type":"if","locations":[{"start":{"line":67,"column":15},"end":{"line":67,"column":15}},{"start":{"line":67,"column":15},"end":{"line":67,"column":15}}]},"5":{"line":69,"type":"if","locations":[{"start":{"line":69,"column":12},"end":{"line":69,"column":12}},{"start":{"line":69,"column":12},"end":{"line":69,"column":12}}]},"6":{"line":72,"type":"if","locations":[{"start":{"line":72,"column":12},"end":{"line":72,"column":12}},{"start":{"line":72,"column":12},"end":{"line":72,"column":12}}]},"7":{"line":78,"type":"if","locations":[{"start":{"line":78,"column":15},"end":{"line":78,"column":15}},{"start":{"line":78,"column":15},"end":{"line":78,"column":15}}]},"8":{"line":80,"type":"if","locations":[{"start":{"line":80,"column":12},"end":{"line":80,"column":12}},{"start":{"line":80,"column":12},"end":{"line":80,"column":12}}]},"9":{"line":87,"type":"if","locations":[{"start":{"line":87,"column":16},"end":{"line":87,"column":16}},{"start":{"line":87,"column":16},"end":{"line":87,"column":16}}]},"10":{"line":94,"type":"if","locations":[{"start":{"line":94,"column":15},"end":{"line":94,"column":15}},{"start":{"line":94,"column":15},"end":{"line":94,"column":15}}]},"11":{"line":96,"type":"if","locations":[{"start":{"line":96,"column":12},"end":{"line":96,"column":12}},{"start":{"line":96,"column":12},"end":{"line":96,"column":12}}]},"12":{"line":103,"type":"if","locations":[{"start":{"line":103,"column":16},"end":{"line":103,"column":16}},{"start":{"line":103,"column":16},"end":{"line":103,"column":16}}]},"13":{"line":118,"type":"if","locations":[{"start":{"line":118,"column":8},"end":{"line":118,"column":8}},{"start":{"line":118,"column":8},"end":{"line":118,"column":8}}]},"14":{"line":124,"type":"if","locations":[{"start":{"line":124,"column":8},"end":{"line":124,"column":8}},{"start":{"line":124,"column":8},"end":{"line":124,"column":8}}]},"15":{"line":195,"type":"if","locations":[{"start":{"line":195,"column":8},"end":{"line":195,"column":8}},{"start":{"line":195,"column":8},"end":{"line":195,"column":8}}]}}},
"contracts/GeoWebParcel.sol":{"l":{"50":42,"52":42,"66":15,"69":14,"72":11,"74":11,"75":11,"76":11,"78":11,"80":11,"82":11,"91":8,"93":8,"95":8,"97":8,"109":15,"110":15,"119":33,"121":33,"122":33,"124":33,"125":33,"127":33,"180":30,"182":19},"path":"/Users/cody/Projects/GeoWeb/core-contracts/contracts/GeoWebParcel.sol","s":{"1":42,"2":42,"3":15,"4":14,"5":11,"6":11,"7":11,"8":11,"9":11,"10":11,"11":11,"12":8,"13":8,"14":8,"15":15,"16":15,"17":33,"18":33,"19":33,"20":33,"21":33,"22":30,"23":19},"b":{"1":[14,1],"2":[19,11]},"f":{"1":42,"2":15,"3":8,"4":15,"5":33},"fnMap":{"1":{"name":"constructor","line":49,"loc":{"start":{"line":49,"column":4},"end":{"line":53,"column":4}}},"2":{"name":"build","line":63,"loc":{"start":{"line":61,"column":4},"end":{"line":83,"column":4}}},"3":{"name":"destroy","line":90,"loc":{"start":{"line":90,"column":4},"end":{"line":98,"column":4}}},"4":{"name":"getLandParcel","line":104,"loc":{"start":{"line":104,"column":4},"end":{"line":111,"column":4}}},"5":{"name":"_updateAvailabilityIndex","line":114,"loc":{"start":{"line":114,"column":4},"end":{"line":184,"column":4}}}},"statementMap":{"1":{"start":{"line":50,"column":8},"end":{"line":50,"column":49}},"2":{"start":{"line":52,"column":8},"end":{"line":52,"column":16}},"3":{"start":{"line":66,"column":8},"end":{"line":66,"column":72}},"4":{"start":{"line":69,"column":8},"end":{"line":69,"column":67}},"5":{"start":{"line":72,"column":8},"end":{"line":72,"column":67}},"6":{"start":{"line":74,"column":8},"end":{"line":74,"column":49}},"7":{"start":{"line":75,"column":8},"end":{"line":75,"column":40}},"8":{"start":{"line":76,"column":8},"end":{"line":76,"column":20}},"9":{"start":{"line":78,"column":8},"end":{"line":78,"column":31}},"10":{"start":{"line":80,"column":8},"end":{"line":80,"column":26}},"11":{"start":{"line":82,"column":8},"end":{"line":82,"column":17}},"12":{"start":{"line":91,"column":8},"end":{"line":91,"column":46}},"13":{"start":{"line":93,"column":8},"end":{"line":93,"column":73}},"14":{"start":{"line":97,"column":8},"end":{"line":97,"column":32}},"15":{"start":{"line":109,"column":8},"end":{"line":109,"column":46}},"16":{"start":{"line":110,"column":8},"end":{"line":110,"column":41}},"17":{"start":{"line":119,"column":8},"end":{"line":119,"column":44}},"18":{"start":{"line":121,"column":8},"end":{"line":121,"column":23}},"19":{"start":{"line":122,"column":8},"end":{"line":122,"column":39}},"20":{"start":{"line":124,"column":8},"end":{"line":124,"column":75}},"21":{"start":{"line":125,"column":8},"end":{"line":125,"column":50}},"22":{"start":{"line":180,"column":8},"end":{"line":180,"column":5565}},"23":{"start":{"line":182,"column":12},"end":{"line":182,"column":45}}},"branchMap":{"1":{"line":66,"type":"if","locations":[{"start":{"line":66,"column":8},"end":{"line":66,"column":8}},{"start":{"line":66,"column":8},"end":{"line":66,"column":8}}]},"2":{"line":180,"type":"if","locations":[{"start":{"line":180,"column":8},"end":{"line":180,"column":8}},{"start":{"line":180,"column":8},"end":{"line":180,"column":8}}]}}},
"contracts/interfaces/ILicenseValidator.sol":{"l":{},"path":"/Users/cody/Projects/GeoWeb/core-contracts/contracts/interfaces/ILicenseValidator.sol","s":{},"b":{},"f":{},"fnMap":{},"statementMap":{},"branchMap":{}},
"contracts/mock/MockAccountant.sol":{"l":{"14":111,"15":111,"19":72},"path":"/Users/cody/Projects/GeoWeb/core-contracts/contracts/mock/MockAccountant.sol","s":{"1":111,"2":111,"3":72},"b":{},"f":{"1":111,"2":72},"fnMap":{"1":{"name":"constructor","line":10,"loc":{"start":{"line":10,"column":4},"end":{"line":16,"column":4}}},"2":{"name":"setContributionRate","line":18,"loc":{"start":{"line":18,"column":4},"end":{"line":20,"column":4}}}},"statementMap":{"1":{"start":{"line":14,"column":8},"end":{"line":14,"column":53}},"2":{"start":{"line":15,"column":8},"end":{"line":15,"column":57}},"3":{"start":{"line":19,"column":8},"end":{"line":19,"column":38}}},"branchMap":{}},
"contracts/mock/MockCollector.sol":{"l":{"11":33,"12":33,"16":12,"20":12},"path":"/Users/cody/Projects/GeoWeb/core-contracts/contracts/mock/MockCollector.sol","s":{"1":33,"2":33,"3":12,"4":12},"b":{"1":[12,0]},"f":{"1":33,"2":12},"fnMap":{"1":{"name":"constructor","line":10,"loc":{"start":{"line":10,"column":4},"end":{"line":13,"column":4}}},"2":{"name":"setContributionRate","line":15,"loc":{"start":{"line":15,"column":4},"end":{"line":21,"column":4}}}},"statementMap":{"1":{"start":{"line":11,"column":8},"end":{"line":11,"column":45}},"2":{"start":{"line":12,"column":8},"end":{"line":12,"column":31}},"3":{"start":{"line":16,"column":8},"end":{"line":16,"column":453}},"4":{"start":{"line":20,"column":8},"end":{"line":20,"column":76}}},"branchMap":{"1":{"line":16,"type":"if","locations":[{"start":{"line":16,"column":8},"end":{"line":16,"column":8}},{"start":{"line":16,"column":8},"end":{"line":16,"column":8}}]}}},
"contracts/mock/MockERC721License.sol":{"l":{"12":0,"16":1,"20":53,"24":2,"32":0,"36":0},"path":"/Users/cody/Projects/GeoWeb/core-contracts/contracts/mock/MockERC721License.sol","s":{"1":0,"2":1,"3":53,"4":2,"5":0,"6":0},"b":{},"f":{"1":120,"2":0,"3":1,"4":53,"5":2,"6":0,"7":0},"fnMap":{"1":{"name":"constructor","line":8,"loc":{"start":{"line":7,"column":4},"end":{"line":9,"column":5}}},"2":{"name":"baseURI","line":11,"loc":{"start":{"line":11,"column":4},"end":{"line":13,"column":4}}},"3":{"name":"exists","line":15,"loc":{"start":{"line":15,"column":4},"end":{"line":17,"column":4}}},"4":{"name":"mint","line":19,"loc":{"start":{"line":19,"column":4},"end":{"line":21,"column":4}}},"5":{"name":"safeMint","line":23,"loc":{"start":{"line":23,"column":4},"end":{"line":25,"column":4}}},"6":{"name":"safeMint","line":27,"loc":{"start":{"line":27,"column":4},"end":{"line":33,"column":4}}},"7":{"name":"burn","line":35,"loc":{"start":{"line":35,"column":4},"end":{"line":37,"column":4}}}},"statementMap":{"1":{"start":{"line":12,"column":8},"end":{"line":12,"column":25}},"2":{"start":{"line":16,"column":8},"end":{"line":16,"column":31}},"3":{"start":{"line":20,"column":8},"end":{"line":20,"column":25}},"4":{"start":{"line":24,"column":8},"end":{"line":24,"column":29}},"5":{"start":{"line":32,"column":8},"end":{"line":32,"column":36}},"6":{"start":{"line":36,"column":8},"end":{"line":36,"column":21}}},"branchMap":{}},
"contracts/mock/MockLicenseValidator.sol":{"l":{"11":3,"12":3,"16":2},"path":"/Users/cody/Projects/GeoWeb/core-contracts/contracts/mock/MockLicenseValidator.sol","s":{"1":3,"2":3,"3":2},"b":{},"f":{"1":3,"2":2},"fnMap":{"1":{"name":"constructor","line":10,"loc":{"start":{"line":10,"column":4},"end":{"line":13,"column":4}}},"2":{"name":"isValid","line":15,"loc":{"start":{"line":15,"column":4},"end":{"line":17,"column":4}}}},"statementMap":{"1":{"start":{"line":11,"column":8},"end":{"line":11,"column":33}},"2":{"start":{"line":12,"column":8},"end":{"line":12,"column":43}},"3":{"start":{"line":16,"column":8},"end":{"line":16,"column":32}}},"branchMap":{}},
"contracts/mock/MockParcel.sol":{"l":{"11":3,"12":3},"path":"/Users/cody/Projects/GeoWeb/core-contracts/contracts/mock/MockParcel.sol","s":{"1":3,"2":3},"b":{},"f":{"1":3},"fnMap":{"1":{"name":"build","line":7,"loc":{"start":{"line":7,"column":4},"end":{"line":13,"column":4}}}},"statementMap":{"1":{"start":{"line":11,"column":8},"end":{"line":11,"column":27}},"2":{"start":{"line":12,"column":8},"end":{"line":12,"column":26}}},"branchMap":{}},
"contracts/SimpleETHClaimer.sol":{"l":{"30":21,"31":21,"43":8,"55":4,"67":4,"79":4,"96":3,"99":3,"104":3,"108":3,"113":2,"116":2,"124":1,"132":1},"path":"/Users/cody/Projects/GeoWeb/core-contracts/contracts/SimpleETHClaimer.sol","s":{"1":21,"2":21,"3":8,"4":4,"5":4,"6":4,"7":3,"8":3,"9":3,"10":3,"11":2,"12":2,"13":1,"14":1},"b":{"1":[2,1]},"f":{"1":21,"2":8,"3":4,"4":4,"5":4,"6":3,"7":1,"8":1},"fnMap":{"1":{"name":"constructor","line":29,"loc":{"start":{"line":29,"column":4},"end":{"line":32,"column":4}}},"2":{"name":"setMinClaimExpiration","line":41,"loc":{"start":{"line":39,"column":4},"end":{"line":44,"column":4}}},"3":{"name":"setLicense","line":53,"loc":{"start":{"line":51,"column":4},"end":{"line":56,"column":4}}},"4":{"name":"setCollector","line":65,"loc":{"start":{"line":63,"column":4},"end":{"line":68,"column":4}}},"5":{"name":"setParcel","line":77,"loc":{"start":{"line":75,"column":4},"end":{"line":80,"column":4}}},"6":{"name":"claim","line":94,"loc":{"start":{"line":89,"column":4},"end":{"line":117,"column":4}}},"7":{"name":"pause","line":123,"loc":{"start":{"line":123,"column":4},"end":{"line":125,"column":4}}},"8":{"name":"unpause","line":131,"loc":{"start":{"line":131,"column":4},"end":{"line":133,"column":4}}}},"statementMap":{"1":{"start":{"line":30,"column":8},"end":{"line":30,"column":49}},"2":{"start":{"line":31,"column":8},"end":{"line":31,"column":41}},"3":{"start":{"line":43,"column":8},"end":{"line":43,"column":47}},"4":{"start":{"line":55,"column":8},"end":{"line":55,"column":46}},"5":{"start":{"line":67,"column":8},"end":{"line":67,"column":59}},"6":{"start":{"line":79,"column":8},"end":{"line":79,"column":43}},"7":{"start":{"line":96,"column":8},"end":{"line":96,"column":61}},"8":{"start":{"line":99,"column":8},"end":{"line":99,"column":3073}},"9":{"start":{"line":104,"column":8},"end":{"line":104,"column":3201}},"10":{"start":{"line":108,"column":8},"end":{"line":108,"column":3310}},"11":{"start":{"line":113,"column":8},"end":{"line":113,"column":40}},"12":{"start":{"line":116,"column":8},"end":{"line":116,"column":37}},"13":{"start":{"line":124,"column":8},"end":{"line":124,"column":15}},"14":{"start":{"line":132,"column":8},"end":{"line":132,"column":17}}},"branchMap":{"1":{"line":108,"type":"if","locations":[{"start":{"line":108,"column":8},"end":{"line":108,"column":8}},{"start":{"line":108,"column":8},"end":{"line":108,"column":8}}]}}}}
