TN:
SF:/Users/cody/Projects/GeoWeb/core-contracts/contracts/Accountant.sol
FN:26,constructor
FN:39,setPerSecondFee
FN:51,setValidator
FN:64,setContributionRate
FN:76,isValid
FNF:5
FNH:5
FNDA:12,constructor
FNDA:1,setPerSecondFee
FNDA:2,setValidator
FNDA:1,setContributionRate
FNDA:2,isValid
DA:27,12
DA:40,1
DA:41,1
DA:53,2
DA:66,1
DA:68,1
DA:77,2
LF:7
LH:7
BRF:0
BRH:0
end_of_record
TN:
SF:/Users/cody/Projects/GeoWeb/core-contracts/contracts/AuctionSuperApp.sol
FN:26,constructor
FN:62,setClaimer
FN:74,setReceiver
FN:119,pause
FN:127,unpause
FN:131,_increaseAppToReceiverFlow
FN:170,_decreaseAppToReceiverFlow
FN:242,_deleteAppToUserFlow
FN:271,_onIncreaseUserToApp
FN:291,_onDecreaseUserToApp
FN:311,_onDeleteUserToApp
FN:327,_claim
FN:367,afterAgreementCreated
FN:388,beforeAgreementUpdated
FN:407,afterAgreementUpdated
FN:437,beforeAgreementTerminated
FN:449,afterAgreementTerminated
FN:469,_isSameToken
FN:473,_isCFAv1
FN:481,onlyHost
FN:489,onlyExpected
FNF:21
FNH:19
FNDA:39,constructor
FNDA:13,setClaimer
FNDA:1,setReceiver
FNDA:0,pause
FNDA:0,unpause
FNDA:165,_increaseAppToReceiverFlow
FNDA:45,_decreaseAppToReceiverFlow
FNDA:45,_deleteAppToUserFlow
FNDA:169,_onIncreaseUserToApp
FNDA:3,_onDecreaseUserToApp
FNDA:45,_onDeleteUserToApp
FNDA:165,_claim
FNDA:152,afterAgreementCreated
FNDA:20,beforeAgreementUpdated
FNDA:20,afterAgreementUpdated
FNDA:45,beforeAgreementTerminated
FNDA:45,afterAgreementTerminated
FNDA:237,_isSameToken
FNDA:237,_isCFAv1
FNDA:282,onlyHost
FNDA:192,onlyExpected
DA:32,39
DA:33,39
DA:34,39
DA:38,39
DA:39,39
DA:41,39
DA:42,39
DA:43,39
DA:44,39
DA:46,39
DA:49,39
DA:51,39
DA:52,39
DA:64,13
DA:76,1
DA:78,1
DA:84,1
DA:86,0
DA:99,0
DA:112,1
DA:120,0
DA:128,0
DA:135,165
DA:141,165
DA:142,15
DA:155,150
DA:174,45
DA:180,45
DA:181,0
DA:194,45
DA:246,45
DA:252,45
DA:253,45
DA:255,45
DA:256,0
DA:276,169
DA:277,169
DA:282,165
DA:283,165
DA:285,0
DA:287,0
DA:296,3
DA:297,3
DA:302,1
DA:303,1
DA:305,0
DA:307,0
DA:317,45
DA:318,45
DA:321,45
DA:334,165
DA:341,165
DA:342,165
DA:345,165
DA:348,165
DA:370,152
DA:371,152
DA:373,152
DA:391,20
DA:392,20
DA:410,20
DA:411,20
DA:412,20
DA:416,20
DA:419,20
DA:420,20
DA:422,20
DA:423,17
DA:426,3
DA:438,45
DA:439,45
DA:451,45
DA:452,0
DA:454,45
DA:455,45
DA:456,45
DA:460,45
DA:463,45
DA:464,45
DA:466,45
DA:470,237
DA:474,237
DA:482,282
DA:486,282
DA:490,192
DA:494,192
DA:498,192
LF:87
LH:76
BRDA:32,1,0,39
BRDA:32,1,1,0
BRDA:33,2,0,39
BRDA:33,2,1,0
BRDA:34,3,0,39
BRDA:34,3,1,0
BRDA:38,4,0,39
BRDA:38,4,1,0
BRDA:39,5,0,39
BRDA:39,5,1,0
BRDA:76,6,0,1
BRDA:76,6,1,0
BRDA:84,7,0,0
BRDA:84,7,1,1
BRDA:141,8,0,15
BRDA:141,8,1,150
BRDA:180,9,0,0
BRDA:180,9,1,45
BRDA:193,10,0,45
BRDA:193,10,1,0
BRDA:255,11,0,0
BRDA:255,11,1,45
BRDA:282,12,0,165
BRDA:282,12,1,0
BRDA:284,13,0,0
BRDA:284,13,1,0
BRDA:302,14,0,1
BRDA:302,14,1,0
BRDA:304,15,0,0
BRDA:304,15,1,0
BRDA:342,16,0,165
BRDA:342,16,1,0
BRDA:422,17,0,17
BRDA:422,17,1,3
BRDA:451,18,0,0
BRDA:451,18,1,45
BRDA:482,19,0,282
BRDA:482,19,1,0
BRDA:490,20,0,192
BRDA:490,20,1,0
BRDA:494,21,0,192
BRDA:494,21,1,0
BRF:42
BRH:21
end_of_record
TN:
SF:/Users/cody/Projects/GeoWeb/core-contracts/contracts/ERC721License.sol
FN:14,constructor
FN:23,pause
FN:31,unpause
FN:40,safeMint
FN:48,burn
FN:55,isApprovedForAll
FN:71,_beforeTokenTransfer
FN:76,supportsInterface
FNF:8
FNH:7
FNDA:18,constructor
FNDA:1,pause
FNDA:1,unpause
FNDA:6,safeMint
FNDA:1,burn
FNDA:3,isApprovedForAll
FNDA:11,_beforeTokenTransfer
FNDA:0,supportsInterface
DA:15,18
DA:16,18
DA:24,1
DA:32,1
DA:42,6
DA:49,1
DA:61,3
DA:72,11
DA:82,0
LF:9
LH:8
BRF:0
BRH:0
end_of_record
TN:
SF:/Users/cody/Projects/GeoWeb/core-contracts/contracts/ETHExpirationCollector.sol
FN:48,constructor
FN:60,setMinContributionRate
FN:72,setMinExpiration
FN:84,setMaxExpiration
FN:96,setLicense
FN:108,setReceiver
FN:120,setAccountant
FN:129,pause
FN:137,unpause
FN:145,makePayment
FN:166,setContributionRate
FN:197,migrateFunds
FN:234,moveFunds
FN:277,isValid
FN:288,_updateExpiration
FN:320,_calculateNetworkFeeBalance
FN:340,_calculateNewExpiration
FNF:17
FNH:16
FNDA:105,constructor
FNDA:5,setMinContributionRate
FNDA:36,setMinExpiration
FNDA:36,setMaxExpiration
FNDA:30,setLicense
FNDA:36,setReceiver
FNDA:30,setAccountant
FNDA:1,pause
FNDA:1,unpause
FNDA:2,makePayment
FNDA:51,setContributionRate
FNDA:6,migrateFunds
FNDA:10,moveFunds
FNDA:0,isValid
FNDA:63,_updateExpiration
FNDA:75,_calculateNetworkFeeBalance
FNDA:63,_calculateNewExpiration
DA:49,105
DA:50,105
DA:62,5
DA:74,36
DA:86,36
DA:98,30
DA:110,36
DA:122,30
DA:130,1
DA:138,1
DA:146,2
DA:149,2
DA:152,2
DA:154,2
DA:168,51
DA:175,46
DA:181,45
DA:184,44
DA:198,6
DA:203,5
DA:204,5
DA:212,5
DA:213,5
DA:216,5
DA:235,10
DA:239,9
DA:243,8
DA:248,7
DA:249,7
DA:252,6
DA:260,5
DA:268,5
DA:269,5
DA:278,0
DA:294,63
DA:297,63
DA:300,63
DA:305,63
DA:311,61
DA:312,9
DA:315,61
DA:317,61
DA:325,75
DA:326,75
DA:329,75
DA:330,75
DA:331,32
DA:333,43
DA:337,75
DA:345,63
DA:347,63
DA:350,63
LF:52
LH:51
BRDA:168,1,0,46
BRDA:168,1,1,5
BRDA:175,2,0,45
BRDA:175,2,1,1
BRDA:198,3,0,5
BRDA:198,3,1,1
BRDA:235,4,0,9
BRDA:235,4,1,1
BRDA:239,5,0,8
BRDA:239,5,1,1
BRDA:243,6,0,7
BRDA:243,6,1,1
BRDA:249,7,0,6
BRDA:249,7,1,1
BRDA:305,8,0,61
BRDA:305,8,1,2
BRDA:311,9,0,9
BRDA:311,9,1,52
BRDA:330,10,0,32
BRDA:330,10,1,43
BRDA:347,11,0,63
BRDA:347,11,1,0
BRF:22
BRH:21
end_of_record
TN:
SF:/Users/cody/Projects/GeoWeb/core-contracts/contracts/ETHPurchaser.sol
FN:34,constructor
FN:46,setLicense
FN:58,setCollector
FN:70,setAccountant
FN:82,setDutchAuctionLengthInSeconds
FN:90,pause
FN:98,unpause
FN:107,calculatePurchasePrice
FN:149,purchase
FNF:9
FNH:9
FNDA:36,constructor
FNDA:9,setLicense
FNDA:9,setCollector
FNDA:9,setAccountant
FNDA:13,setDutchAuctionLengthInSeconds
FNDA:1,pause
FNDA:1,unpause
FNDA:8,calculatePurchasePrice
FNDA:3,purchase
DA:35,36
DA:36,36
DA:48,9
DA:60,9
DA:72,9
DA:83,13
DA:91,1
DA:99,1
DA:108,8
DA:111,8
DA:115,8
DA:117,8
DA:119,4
DA:120,4
DA:122,4
DA:127,2
DA:129,2
DA:130,2
DA:133,2
DA:150,3
DA:151,3
DA:155,2
DA:161,1
DA:162,1
DA:165,1
DA:166,1
DA:172,1
DA:174,1
LF:28
LH:28
BRDA:117,1,0,4
BRDA:117,1,1,4
BRDA:123,2,0,2
BRDA:123,2,1,2
BRDA:151,3,0,2
BRDA:151,3,1,1
BRDA:155,4,0,1
BRDA:155,4,1,1
BRF:8
BRH:8
end_of_record
TN:
SF:/Users/cody/Projects/GeoWeb/core-contracts/contracts/GeoWebCoordinate.sol
FN:14,traverse
FN:33,_traverse
FN:116,_getX
FN:122,_getY
FN:128,toWordIndex
FN:140,_toWordIndex
FN:172,nextDirection
FN:184,_nextDirection
FNF:8
FNH:8
FNDA:11,traverse
FNDA:436,_traverse
FNDA:471,_getX
FNDA:471,_getY
FNDA:2,toWordIndex
FNDA:35,_toWordIndex
FNDA:1,nextDirection
FNDA:459,_nextDirection
DA:30,11
DA:49,436
DA:50,436
DA:52,436
DA:53,436
DA:54,436
DA:56,436
DA:58,21
DA:59,21
DA:61,20
DA:62,1
DA:63,1
DA:65,19
DA:69,7
DA:70,5
DA:72,5
DA:73,1
DA:74,1
DA:76,4
DA:80,12
DA:82,1
DA:83,1
DA:84,1
DA:86,11
DA:87,11
DA:88,7
DA:89,7
DA:91,4
DA:96,396
DA:98,4
DA:99,4
DA:100,4
DA:102,392
DA:103,392
DA:104,25
DA:105,25
DA:107,367
DA:112,433
DA:117,471
DA:118,471
DA:123,471
DA:124,471
DA:137,2
DA:149,35
DA:150,35
DA:152,35
DA:153,35
DA:155,35
DA:156,35
DA:158,35
DA:181,1
DA:193,459
DA:194,459
DA:195,459
DA:196,33
DA:198,426
DA:200,426
DA:201,426
LF:58
LH:58
BRDA:56,1,0,21
BRDA:56,1,1,415
BRDA:59,2,0,20
BRDA:59,2,1,1
BRDA:61,3,0,1
BRDA:61,3,1,19
BRDA:67,4,0,7
BRDA:67,4,1,408
BRDA:69,5,0,5
BRDA:69,5,1,2
BRDA:72,6,0,1
BRDA:72,6,1,4
BRDA:78,7,0,12
BRDA:78,7,1,396
BRDA:80,8,0,1
BRDA:80,8,1,11
BRDA:87,9,0,7
BRDA:87,9,1,4
BRDA:94,10,0,396
BRDA:94,10,1,0
BRDA:96,11,0,4
BRDA:96,11,1,392
BRDA:103,12,0,25
BRDA:103,12,1,367
BRDA:118,13,0,471
BRDA:118,13,1,0
BRDA:124,14,0,471
BRDA:124,14,1,0
BRDA:195,15,0,33
BRDA:195,15,1,426
BRF:30
BRH:27
end_of_record
TN:
SF:/Users/cody/Projects/GeoWeb/core-contracts/contracts/GeoWebParcel.sol
FN:49,constructor
FN:63,build
FN:90,destroy
FN:104,getLandParcel
FN:114,_updateAvailabilityIndex
FNF:5
FNH:5
FNDA:42,constructor
FNDA:15,build
FNDA:8,destroy
FNDA:15,getLandParcel
FNDA:33,_updateAvailabilityIndex
DA:50,42
DA:52,42
DA:66,15
DA:69,14
DA:72,11
DA:74,11
DA:75,11
DA:76,11
DA:78,11
DA:80,11
DA:82,11
DA:91,8
DA:93,8
DA:95,8
DA:97,8
DA:109,15
DA:110,15
DA:119,33
DA:121,33
DA:122,33
DA:124,33
DA:125,33
DA:127,33
DA:180,30
DA:182,19
LF:25
LH:25
BRDA:66,1,0,14
BRDA:66,1,1,1
BRDA:180,2,0,19
BRDA:180,2,1,11
BRF:4
BRH:4
end_of_record
TN:
SF:/Users/cody/Projects/GeoWeb/core-contracts/contracts/interfaces/IClaimer.sol
FNF:0
FNH:0
LF:0
LH:0
BRF:0
BRH:0
end_of_record
TN:
SF:/Users/cody/Projects/GeoWeb/core-contracts/contracts/interfaces/ILicenseValidator.sol
FNF:0
FNH:0
LF:0
LH:0
BRF:0
BRH:0
end_of_record
TN:
SF:/Users/cody/Projects/GeoWeb/core-contracts/contracts/mock/MockAccountant.sol
FN:10,constructor
FN:18,setContributionRate
FNF:2
FNH:2
FNDA:111,constructor
FNDA:72,setContributionRate
DA:14,111
DA:15,111
DA:19,72
LF:3
LH:3
BRF:0
BRH:0
end_of_record
TN:
SF:/Users/cody/Projects/GeoWeb/core-contracts/contracts/mock/MockClaimer.sol
FN:10,claim
FN:19,claimPrice
FNF:2
FNH:2
FNDA:165,claim
FNDA:165,claimPrice
DA:15,165
DA:16,165
DA:24,165
LF:3
LH:3
BRF:0
BRH:0
end_of_record
TN:
SF:/Users/cody/Projects/GeoWeb/core-contracts/contracts/mock/MockCollector.sol
FN:10,constructor
FN:15,setContributionRate
FNF:2
FNH:2
FNDA:33,constructor
FNDA:12,setContributionRate
DA:11,33
DA:12,33
DA:16,12
DA:20,12
LF:4
LH:4
BRDA:16,1,0,12
BRDA:16,1,1,0
BRF:2
BRH:1
end_of_record
TN:
SF:/Users/cody/Projects/GeoWeb/core-contracts/contracts/mock/MockERC721License.sol
FN:8,constructor
FN:11,baseURI
FN:15,exists
FN:19,mint
FN:23,safeMint
FN:27,safeMint
FN:35,burn
FNF:7
FNH:4
FNDA:120,constructor
FNDA:0,baseURI
FNDA:1,exists
FNDA:53,mint
FNDA:2,safeMint
FNDA:0,safeMint
FNDA:0,burn
DA:12,0
DA:16,1
DA:20,53
DA:24,2
DA:32,0
DA:36,0
LF:6
LH:3
BRF:0
BRH:0
end_of_record
TN:
SF:/Users/cody/Projects/GeoWeb/core-contracts/contracts/mock/MockLicenseValidator.sol
FN:10,constructor
FN:15,isValid
FNF:2
FNH:2
FNDA:3,constructor
FNDA:2,isValid
DA:11,3
DA:12,3
DA:16,2
LF:3
LH:3
BRF:0
BRH:0
end_of_record
TN:
SF:/Users/cody/Projects/GeoWeb/core-contracts/contracts/mock/MockParcel.sol
FN:7,build
FNF:1
FNH:1
FNDA:3,build
DA:11,3
DA:12,3
LF:2
LH:2
BRF:0
BRH:0
end_of_record
TN:
SF:/Users/cody/Projects/GeoWeb/core-contracts/contracts/SimpleETHClaimer.sol
FN:29,constructor
FN:41,setMinClaimExpiration
FN:53,setLicense
FN:65,setCollector
FN:77,setParcel
FN:94,claim
FN:123,pause
FN:131,unpause
FNF:8
FNH:8
FNDA:21,constructor
FNDA:8,setMinClaimExpiration
FNDA:4,setLicense
FNDA:4,setCollector
FNDA:4,setParcel
FNDA:3,claim
FNDA:1,pause
FNDA:1,unpause
DA:30,21
DA:31,21
DA:43,8
DA:55,4
DA:67,4
DA:79,4
DA:96,3
DA:99,3
DA:104,3
DA:108,3
DA:113,2
DA:116,2
DA:124,1
DA:132,1
LF:14
LH:14
BRDA:108,1,0,2
BRDA:108,1,1,1
BRF:2
BRH:2
end_of_record
