TN:
SF:/Users/cody/Projects/GeoWeb/core-contracts/contracts/Accountant.sol
FN:26,constructor
FN:39,setPerSecondFee
FN:51,setValidator
FN:64,setContributionRate
FN:76,isValid
FN:85,invalidStartDate
FNF:6
FNH:6
FNDA:15,constructor
FNDA:1,setPerSecondFee
FNDA:3,setValidator
FNDA:1,setContributionRate
FNDA:2,isValid
FNDA:1,invalidStartDate
DA:27,15
DA:40,1
DA:41,1
DA:53,3
DA:66,1
DA:68,1
DA:77,2
DA:86,1
LF:8
LH:8
BRF:0
BRH:0
end_of_record
TN:
SF:/Users/cody/Projects/GeoWeb/core-contracts/contracts/ERC721License.sol
FN:14,constructor
FN:23,pause
FN:31,unpause
FN:40,safeMint
FN:48,burn
FN:55,isApprovedForAll
FN:71,_beforeTokenTransfer
FN:77,supportsInterface
FNF:8
FNH:7
FNDA:18,constructor
FNDA:1,pause
FNDA:1,unpause
FNDA:6,safeMint
FNDA:1,burn
FNDA:3,isApprovedForAll
FNDA:11,_beforeTokenTransfer
FNDA:0,supportsInterface
DA:15,18
DA:16,18
DA:24,1
DA:32,1
DA:42,6
DA:49,1
DA:61,3
DA:72,11
DA:83,0
LF:9
LH:8
BRF:0
BRH:0
end_of_record
TN:
SF:/Users/cody/Projects/GeoWeb/core-contracts/contracts/ETHExpirationCollector.sol
FN:48,constructor
FN:60,setMinContributionRate
FN:72,setMinExpiration
FN:84,setMaxExpiration
FN:96,setLicense
FN:108,setReceiver
FN:120,setAccountant
FN:129,pause
FN:137,unpause
FN:145,makePayment
FN:166,setContributionRate
FN:193,migrateFunds
FN:209,isValid
FN:218,invalidStartDate
FN:233,_updateExpiration
FN:267,_calculateNetworkFeeBalance
FNF:16
FNH:15
FNDA:57,constructor
FNDA:1,setMinContributionRate
FNDA:20,setMinExpiration
FNDA:20,setMaxExpiration
FNDA:14,setLicense
FNDA:20,setReceiver
FNDA:14,setAccountant
FNDA:1,pause
FNDA:1,unpause
FNDA:2,makePayment
FNDA:19,setContributionRate
FNDA:2,migrateFunds
FNDA:0,isValid
FNDA:1,invalidStartDate
FNDA:20,_updateExpiration
FNDA:22,_calculateNetworkFeeBalance
DA:49,57
DA:50,57
DA:62,1
DA:74,20
DA:86,20
DA:98,14
DA:110,20
DA:122,14
DA:130,1
DA:138,1
DA:146,2
DA:149,2
DA:152,2
DA:154,2
DA:168,19
DA:173,16
DA:179,16
DA:182,15
DA:195,2
DA:196,2
DA:197,2
DA:200,2
DA:201,2
DA:210,0
DA:224,1
DA:238,20
DA:241,20
DA:245,20
DA:247,20
DA:250,20
DA:252,20
DA:258,19
DA:259,6
DA:262,19
DA:264,19
DA:272,22
DA:273,22
DA:276,22
DA:277,22
DA:278,8
DA:280,14
DA:284,22
LF:42
LH:41
BRDA:168,1,0,16
BRDA:168,1,1,3
BRDA:173,2,0,16
BRDA:173,2,1,0
BRDA:247,3,0,20
BRDA:247,3,1,0
BRDA:252,4,0,19
BRDA:252,4,1,1
BRDA:258,5,0,6
BRDA:258,5,1,13
BRDA:277,6,0,8
BRDA:277,6,1,14
BRF:12
BRH:10
end_of_record
TN:
SF:/Users/cody/Projects/GeoWeb/core-contracts/contracts/ETHPurchaser.sol
FN:34,constructor
FN:46,setLicense
FN:58,setCollector
FN:70,setAccountant
FN:82,setDutchAuctionLengthInSeconds
FN:90,pause
FN:98,unpause
FN:107,calculatePurchasePrice
FN:149,purchase
FNF:9
FNH:9
FNDA:36,constructor
FNDA:9,setLicense
FNDA:9,setCollector
FNDA:9,setAccountant
FNDA:13,setDutchAuctionLengthInSeconds
FNDA:1,pause
FNDA:1,unpause
FNDA:8,calculatePurchasePrice
FNDA:3,purchase
DA:35,36
DA:36,36
DA:48,9
DA:60,9
DA:72,9
DA:83,13
DA:91,1
DA:99,1
DA:108,8
DA:111,8
DA:115,8
DA:117,8
DA:119,4
DA:120,4
DA:122,4
DA:127,2
DA:129,2
DA:130,2
DA:133,2
DA:150,3
DA:151,3
DA:155,2
DA:161,1
DA:162,1
DA:165,1
DA:166,1
DA:172,1
DA:174,1
LF:28
LH:28
BRDA:117,1,0,4
BRDA:117,1,1,4
BRDA:123,2,0,2
BRDA:123,2,1,2
BRDA:151,3,0,2
BRDA:151,3,1,1
BRDA:155,4,0,1
BRDA:155,4,1,1
BRF:8
BRH:8
end_of_record
TN:
SF:/Users/cody/Projects/GeoWeb/core-contracts/contracts/GeoWebCoordinate.sol
FN:14,traverse
FN:33,_traverse
FN:116,_getX
FN:122,_getY
FN:128,toWordIndex
FN:140,_toWordIndex
FN:172,nextDirection
FN:184,_nextDirection
FNF:8
FNH:8
FNDA:11,traverse
FNDA:436,_traverse
FNDA:471,_getX
FNDA:471,_getY
FNDA:2,toWordIndex
FNDA:35,_toWordIndex
FNDA:1,nextDirection
FNDA:459,_nextDirection
DA:30,11
DA:49,436
DA:50,436
DA:52,436
DA:53,436
DA:54,436
DA:56,436
DA:58,21
DA:59,21
DA:61,20
DA:62,1
DA:63,1
DA:65,19
DA:69,7
DA:70,5
DA:72,5
DA:73,1
DA:74,1
DA:76,4
DA:80,12
DA:82,1
DA:83,1
DA:84,1
DA:86,11
DA:87,11
DA:88,7
DA:89,7
DA:91,4
DA:96,396
DA:98,4
DA:99,4
DA:100,4
DA:102,392
DA:103,392
DA:104,25
DA:105,25
DA:107,367
DA:112,433
DA:117,471
DA:118,471
DA:123,471
DA:124,471
DA:137,2
DA:149,35
DA:150,35
DA:152,35
DA:153,35
DA:155,35
DA:156,35
DA:158,35
DA:181,1
DA:193,459
DA:194,459
DA:195,459
DA:196,33
DA:198,426
DA:200,426
DA:201,426
LF:58
LH:58
BRDA:56,1,0,21
BRDA:56,1,1,415
BRDA:59,2,0,20
BRDA:59,2,1,1
BRDA:61,3,0,1
BRDA:61,3,1,19
BRDA:67,4,0,7
BRDA:67,4,1,408
BRDA:69,5,0,5
BRDA:69,5,1,2
BRDA:72,6,0,1
BRDA:72,6,1,4
BRDA:78,7,0,12
BRDA:78,7,1,396
BRDA:80,8,0,1
BRDA:80,8,1,11
BRDA:87,9,0,7
BRDA:87,9,1,4
BRDA:94,10,0,396
BRDA:94,10,1,0
BRDA:96,11,0,4
BRDA:96,11,1,392
BRDA:103,12,0,25
BRDA:103,12,1,367
BRDA:118,13,0,471
BRDA:118,13,1,0
BRDA:124,14,0,471
BRDA:124,14,1,0
BRDA:195,15,0,33
BRDA:195,15,1,426
BRF:30
BRH:27
end_of_record
TN:
SF:/Users/cody/Projects/GeoWeb/core-contracts/contracts/GeoWebParcel.sol
FN:49,constructor
FN:63,build
FN:90,destroy
FN:104,getLandParcel
FN:114,_updateAvailabilityIndex
FNF:5
FNH:5
FNDA:42,constructor
FNDA:15,build
FNDA:8,destroy
FNDA:15,getLandParcel
FNDA:33,_updateAvailabilityIndex
DA:50,42
DA:52,42
DA:66,15
DA:69,14
DA:72,11
DA:74,11
DA:75,11
DA:76,11
DA:78,11
DA:80,11
DA:82,11
DA:91,8
DA:93,8
DA:95,8
DA:97,8
DA:109,15
DA:110,15
DA:119,33
DA:121,33
DA:122,33
DA:124,33
DA:125,33
DA:127,33
DA:180,30
DA:182,19
LF:25
LH:25
BRDA:66,1,0,14
BRDA:66,1,1,1
BRDA:180,2,0,19
BRDA:180,2,1,11
BRF:4
BRH:4
end_of_record
TN:
SF:/Users/cody/Projects/GeoWeb/core-contracts/contracts/interfaces/ILicenseValidator.sol
FNF:0
FNH:0
LF:0
LH:0
BRF:0
BRH:0
end_of_record
TN:
SF:/Users/cody/Projects/GeoWeb/core-contracts/contracts/mock/MockAccountant.sol
FN:10,constructor
FN:18,setContributionRate
FNF:2
FNH:2
FNDA:63,constructor
FNDA:25,setContributionRate
DA:14,63
DA:15,63
DA:19,25
LF:3
LH:3
BRF:0
BRH:0
end_of_record
TN:
SF:/Users/cody/Projects/GeoWeb/core-contracts/contracts/mock/MockCollector.sol
FN:10,constructor
FN:15,setContributionRate
FNF:2
FNH:2
FNDA:33,constructor
FNDA:12,setContributionRate
DA:11,33
DA:12,33
DA:16,12
DA:20,12
LF:4
LH:4
BRDA:16,1,0,12
BRDA:16,1,1,0
BRF:2
BRH:1
end_of_record
TN:
SF:/Users/cody/Projects/GeoWeb/core-contracts/contracts/mock/MockERC721License.sol
FN:8,constructor
FN:11,baseURI
FN:15,exists
FN:19,mint
FN:23,safeMint
FN:27,safeMint
FN:35,burn
FN:39,isApprovedForAll
FNF:8
FNH:5
FNDA:72,constructor
FNDA:0,baseURI
FNDA:1,exists
FNDA:23,mint
FNDA:2,safeMint
FNDA:0,safeMint
FNDA:0,burn
FNDA:1,isApprovedForAll
DA:12,0
DA:16,1
DA:20,23
DA:24,2
DA:32,0
DA:36,0
DA:45,1
LF:7
LH:4
BRF:0
BRH:0
end_of_record
TN:
SF:/Users/cody/Projects/GeoWeb/core-contracts/contracts/mock/MockLicenseValidator.sol
FN:10,constructor
FN:15,isValid
FN:19,invalidStartDate
FNF:3
FNH:3
FNDA:6,constructor
FNDA:2,isValid
FNDA:1,invalidStartDate
DA:11,6
DA:12,6
DA:16,2
DA:25,1
LF:4
LH:4
BRF:0
BRH:0
end_of_record
TN:
SF:/Users/cody/Projects/GeoWeb/core-contracts/contracts/mock/MockParcel.sol
FN:7,build
FNF:1
FNH:1
FNDA:3,build
DA:11,3
DA:12,3
LF:2
LH:2
BRF:0
BRH:0
end_of_record
TN:
SF:/Users/cody/Projects/GeoWeb/core-contracts/contracts/SimpleETHClaimer.sol
FN:29,constructor
FN:41,setMinClaimExpiration
FN:53,setLicense
FN:65,setCollector
FN:77,setParcel
FN:94,claim
FN:123,pause
FN:131,unpause
FNF:8
FNH:8
FNDA:21,constructor
FNDA:8,setMinClaimExpiration
FNDA:4,setLicense
FNDA:4,setCollector
FNDA:4,setParcel
FNDA:3,claim
FNDA:1,pause
FNDA:1,unpause
DA:30,21
DA:31,21
DA:43,8
DA:55,4
DA:67,4
DA:79,4
DA:96,3
DA:99,3
DA:104,3
DA:108,3
DA:113,2
DA:116,2
DA:124,1
DA:132,1
LF:14
LH:14
BRDA:108,1,0,2
BRDA:108,1,1,1
BRF:2
BRH:2
end_of_record
